2024-12-22 00:23:56,GET,Richard,
2024-12-22 00:23:57,PATCH,Richard,User updated successfully.
2024-12-22 00:23:58,GET,Richard,
2024-12-22 00:23:58,PATCH,Richard,User updated successfully.
2024-12-22 00:23:58,GET,Richard,
2024-12-22 00:23:58,PATCH,Richard,User updated successfully.
2024-12-22 00:23:59,GET,Richard,
2024-12-22 00:23:59,PATCH,Richard,User updated successfully.
2024-12-22 00:23:59,GET,Richard,
2024-12-22 00:23:59,PATCH,Richard,User updated successfully.
2024-12-22 00:24:00,GET,Richard,
2024-12-22 00:24:00,PATCH,Richard,User updated successfully.
2024-12-22 00:24:06,GET,Richard,
2024-12-22 00:24:06,PATCH,Richard,User updated successfully.
2024-12-22 00:24:06,GET,Richard,
2024-12-22 00:24:06,PATCH,Richard,User updated successfully.
2024-12-22 00:24:43,GET,Richard,
2024-12-22 00:24:44,PATCH,Richard,User updated successfully.
2024-12-22 00:24:45,GET,Richard,
2024-12-22 00:24:45,PATCH,Richard,User updated successfully.
2024-12-22 00:24:46,GET,Richard,
2024-12-22 00:24:46,PATCH,Richard,User updated successfully.
2024-12-22 00:24:46,GET,Richard,
2024-12-22 00:24:46,PATCH,Richard,User updated successfully.
2024-12-22 00:24:47,GET,Richard,
2024-12-22 00:24:47,PATCH,Richard,User updated successfully.
2024-12-22 00:24:47,GET,Richard,
2024-12-22 00:24:47,PATCH,Richard,User updated successfully.
2024-12-22 00:24:48,GET,Richard,
2024-12-22 00:24:48,PATCH,Richard,User updated successfully.
2024-12-22 00:24:49,GET,Richard,
2024-12-22 00:24:49,PATCH,Richard,User updated successfully.
2024-12-22 00:25:34,GET,Richard,
2024-12-22 00:25:34,PATCH,Richard,User updated successfully.
2024-12-22 00:25:43,GET,Richard,
2024-12-22 00:25:43,PATCH,Richard,User updated successfully.
2024-12-22 00:25:44,GET,Richard,
2024-12-22 00:25:44,PATCH,Richard,User updated successfully.
2024-12-22 00:25:44,GET,Richard,
2024-12-22 00:25:44,PATCH,Richard,User updated successfully.
2024-12-22 00:25:45,GET,Richard,
2024-12-22 00:25:45,PATCH,Richard,User updated successfully.
2024-12-22 00:25:45,GET,Richard,
2024-12-22 00:25:45,PATCH,Richard,User updated successfully.
2024-12-22 00:25:45,GET,Richard,
2024-12-22 00:25:46,PATCH,Richard,User updated successfully.
2024-12-22 00:25:46,GET,Richard,
2024-12-22 00:25:46,PATCH,Richard,User updated successfully.
2024-12-22 00:25:49,GET,Richard,
2024-12-22 00:25:49,PATCH,Richard,User updated successfully.
2024-12-22 00:25:50,GET,Richard,
2024-12-22 00:25:50,PATCH,Richard,User updated successfully.
2024-12-22 00:25:50,GET,Richard,
2024-12-22 00:25:50,PATCH,Richard,User updated successfully.
2024-12-22 00:25:51,GET,Richard,
2024-12-22 00:25:51,PATCH,Richard,User updated successfully.
2024-12-22 00:26:24,GET,Richard,
2024-12-22 00:26:24,PATCH,Richard,User updated successfully.
2024-12-22 00:26:25,GET,Richard,
2024-12-22 00:26:25,PATCH,Richard,User updated successfully.
2024-12-22 00:26:25,GET,Richard,
2024-12-22 00:26:25,PATCH,Richard,User updated successfully.
2024-12-22 00:26:26,GET,Richard,
2024-12-22 00:26:26,PATCH,Richard,User updated successfully.
2024-12-22 00:26:35,GET,Richard,
2024-12-22 00:26:35,PATCH,Richard,User updated successfully.
2024-12-22 00:26:36,GET,Richard,
2024-12-22 00:26:36,PATCH,Richard,User updated successfully.
2024-12-22 00:26:37,GET,Richard,
2024-12-22 00:26:37,PATCH,Richard,User updated successfully.
2024-12-22 00:26:38,GET,Richard,
2024-12-22 00:26:38,PATCH,Richard,User updated successfully.
2024-12-22 00:26:38,GET,Richard,
2024-12-22 00:26:38,PATCH,Richard,User updated successfully.
2024-12-22 00:26:39,GET,Richard,
2024-12-22 00:26:39,PATCH,Richard,User updated successfully.
2024-12-22 00:26:39,GET,Richard,
2024-12-22 00:26:39,PATCH,Richard,User updated successfully.
2024-12-22 00:27:19,GET,Richard,
2024-12-22 00:27:19,PATCH,Richard,User updated successfully.
2024-12-22 00:27:19,GET,Richard,
2024-12-22 00:27:19,PATCH,Richard,User updated successfully.
2024-12-22 00:27:20,GET,Richard,
2024-12-22 00:27:20,PATCH,Richard,User updated successfully.
2024-12-22 00:27:20,GET,Richard,
2024-12-22 00:27:20,PATCH,Richard,User updated successfully.
2024-12-22 00:27:21,GET,Richard,
2024-12-22 00:27:21,PATCH,Richard,User updated successfully.
2024-12-22 00:27:21,GET,Richard,
2024-12-22 00:27:21,PATCH,Richard,User updated successfully.
2024-12-22 00:27:22,GET,Richard,
2024-12-22 00:27:22,PATCH,Richard,User updated successfully.
2024-12-22 00:27:22,GET,Richard,
2024-12-22 00:27:22,PATCH,Richard,User updated successfully.
2024-12-22 00:27:22,GET,Richard,
2024-12-22 00:27:23,PATCH,Richard,User updated successfully.
2024-12-22 00:27:55,GET,Richard,
2024-12-22 00:27:55,PATCH,Richard,User updated successfully.
2024-12-22 00:27:56,GET,Richard,
2024-12-22 00:27:56,PATCH,Richard,User updated successfully.
2024-12-22 00:27:57,GET,Richard,
2024-12-22 00:27:57,PATCH,Richard,User updated successfully.
2024-12-22 00:27:57,GET,Richard,
2024-12-22 00:27:57,PATCH,Richard,User updated successfully.
2024-12-22 00:27:57,GET,Richard,
2024-12-22 00:27:57,PATCH,Richard,User updated successfully.
2024-12-22 00:27:58,GET,Richard,
2024-12-22 00:27:58,PATCH,Richard,User updated successfully.
2024-12-22 00:27:58,GET,Richard,
2024-12-22 00:27:58,PATCH,Richard,User updated successfully.
2024-12-22 00:28:21,GET,Richard,
2024-12-22 00:28:22,PATCH,Richard,User updated successfully.
2024-12-22 00:28:22,GET,Richard,
2024-12-22 00:28:22,PATCH,Richard,User updated successfully.
2024-12-22 00:28:59,GET,Richard,
2024-12-22 00:28:59,PATCH,Richard,User updated successfully.
2024-12-22 00:29:00,GET,Richard,
2024-12-22 00:29:00,PATCH,Richard,User updated successfully.
2024-12-22 00:29:24,GET,Richard,
2024-12-22 00:29:24,PATCH,Richard,User updated successfully.
2024-12-22 00:29:24,GET,Richard,
2024-12-22 00:29:24,PATCH,Richard,User updated successfully.
2024-12-22 00:29:51,GET,Richard,
2024-12-22 00:29:51,PATCH,Richard,SQLSTATE[42000]: Syntax error or access violation: 1064 You have an error in your SQL syntax; check the manual that corresponds to your MariaDB server version for the right syntax to use near '0 = ? WHERE 34' at line 1
2024-12-22 00:29:52,GET,Richard,
2024-12-22 00:29:52,PATCH,Richard,SQLSTATE[42000]: Syntax error or access violation: 1064 You have an error in your SQL syntax; check the manual that corresponds to your MariaDB server version for the right syntax to use near '0 = ? WHERE 34' at line 1
2024-12-22 00:30:00,GET,Richard,
2024-12-22 00:30:00,PATCH,Richard,SQLSTATE[42000]: Syntax error or access violation: 1064 You have an error in your SQL syntax; check the manual that corresponds to your MariaDB server version for the right syntax to use near '0 = ? WHERE 34' at line 1
2024-12-22 00:30:00,GET,Richard,
2024-12-22 00:30:00,PATCH,Richard,SQLSTATE[42000]: Syntax error or access violation: 1064 You have an error in your SQL syntax; check the manual that corresponds to your MariaDB server version for the right syntax to use near '0 = ? WHERE 34' at line 1
2024-12-22 00:30:01,GET,Richard,
2024-12-22 00:30:01,PATCH,Richard,SQLSTATE[42000]: Syntax error or access violation: 1064 You have an error in your SQL syntax; check the manual that corresponds to your MariaDB server version for the right syntax to use near '0 = ? WHERE 34' at line 1
2024-12-22 00:30:01,GET,Richard,
2024-12-22 00:30:01,PATCH,Richard,SQLSTATE[42000]: Syntax error or access violation: 1064 You have an error in your SQL syntax; check the manual that corresponds to your MariaDB server version for the right syntax to use near '0 = ? WHERE 34' at line 1
2024-12-22 00:30:14,GET,Richard,
2024-12-22 00:30:15,PATCH,Richard,User updated successfully.
2024-12-22 00:30:20,GET,Richard,
2024-12-22 00:30:20,PATCH,Richard,User updated successfully.
2024-12-22 00:30:21,GET,Richard,
2024-12-22 00:30:21,PATCH,Richard,User updated successfully.
2024-12-22 00:30:21,GET,Richard,
2024-12-22 00:30:21,PATCH,Richard,User updated successfully.
2024-12-22 00:30:22,GET,Richard,
2024-12-22 00:30:22,PATCH,Richard,User updated successfully.
2024-12-22 00:30:26,GET,Richard,
2024-12-22 00:30:26,PATCH,Richard,SQLSTATE[42000]: Syntax error or access violation: 1064 You have an error in your SQL syntax; check the manual that corresponds to your MariaDB server version for the right syntax to use near '0 = ? WHERE 34' at line 1
2024-12-22 00:31:03,GET,Richard,
2024-12-22 00:31:03,PATCH,Richard,User updated successfully.
2024-12-22 00:31:04,GET,Richard,
2024-12-22 00:31:04,PATCH,Richard,User updated successfully.
2024-12-22 00:31:07,GET,Richard,
2024-12-22 00:31:07,PATCH,Richard,User updated successfully.
2024-12-22 00:31:07,GET,Richard,
2024-12-22 00:31:07,PATCH,Richard,User updated successfully.
2024-12-22 00:31:24,GET,Richard,
2024-12-22 00:31:24,PATCH,Richard,User updated successfully.
2024-12-22 00:31:43,GET,Richard,
2024-12-22 00:31:43,PATCH,Richard,User updated successfully.
2024-12-22 00:31:44,GET,Richard,
2024-12-22 00:31:44,PATCH,Richard,User updated successfully.
2024-12-22 00:31:44,GET,Richard,
2024-12-22 00:31:44,PATCH,Richard,User updated successfully.
2024-12-22 00:31:45,GET,Richard,
2024-12-22 00:31:45,PATCH,Richard,User updated successfully.
2024-12-22 00:31:45,GET,Richard,
2024-12-22 00:31:45,PATCH,Richard,User updated successfully.
2024-12-22 00:31:57,GET,Richard,No data found
2024-12-22 00:31:57,PATCH,Richard,User doesn't exist.
2024-12-22 00:31:58,GET,Richard,No data found
2024-12-22 00:31:58,PATCH,Richard,User doesn't exist.
2024-12-22 00:31:59,GET,Richard,No data found
2024-12-22 00:31:59,PATCH,Richard,User doesn't exist.
2024-12-22 00:31:59,GET,Richard,No data found
2024-12-22 00:31:59,PATCH,Richard,User doesn't exist.
2024-12-22 00:32:00,GET,Richard,No data found
2024-12-22 00:32:00,PATCH,Richard,User doesn't exist.
2024-12-22 00:32:00,GET,Richard,No data found
2024-12-22 00:32:00,PATCH,Richard,User doesn't exist.
2024-12-22 00:32:01,GET,Richard,No data found
2024-12-22 00:32:01,PATCH,Richard,User doesn't exist.
2024-12-22 00:32:01,GET,Richard,No data found
2024-12-22 00:32:01,PATCH,Richard,User doesn't exist.
2024-12-22 00:32:02,GET,Richard,No data found
2024-12-22 00:32:02,PATCH,Richard,User doesn't exist.
2024-12-22 00:32:03,GET,Richard,No data found
2024-12-22 00:32:03,PATCH,Richard,User doesn't exist.
2024-12-22 00:33:44,GET,Richard,SQLSTATE[42000]: Syntax error or access violation: 1064 You have an error in your SQL syntax; check the manual that corresponds to your MariaDB server version for the right syntax to use near '' at line 1
2024-12-22 00:33:44,PATCH,Richard,User doesn't exist.
2024-12-22 00:33:45,GET,Richard,SQLSTATE[42000]: Syntax error or access violation: 1064 You have an error in your SQL syntax; check the manual that corresponds to your MariaDB server version for the right syntax to use near '' at line 1
2024-12-22 00:33:45,PATCH,Richard,User doesn't exist.
2024-12-22 00:33:46,GET,Richard,SQLSTATE[42000]: Syntax error or access violation: 1064 You have an error in your SQL syntax; check the manual that corresponds to your MariaDB server version for the right syntax to use near '' at line 1
2024-12-22 00:33:46,PATCH,Richard,User doesn't exist.
2024-12-22 00:33:48,GET,Richard,Successfully retrieved user records.
2024-12-22 00:33:56,GET,Richard,Successfully retrieved user records.
2024-12-22 00:33:57,GET,Richard,Successfully retrieved user records.
2024-12-22 00:34:17,GET,Richard,Successfully retrieved user records.
2024-12-22 00:34:24,GET,Richard,No data found
2024-12-22 00:36:48,GET,Richard,
2024-12-22 00:36:48,GET,Richard,
2024-12-22 00:36:49,GET,Richard,
2024-12-22 00:36:49,GET,Richard,
2024-12-22 00:36:50,GET,Richard,
2024-12-22 00:36:50,GET,Richard,
2024-12-22 00:36:50,GET,Richard,
2024-12-22 00:36:50,GET,Richard,
2024-12-22 00:36:51,GET,Richard,
2024-12-22 00:36:51,GET,Richard,
2024-12-22 00:36:52,GET,Richard,
2024-12-22 00:36:52,GET,Richard,
2024-12-22 00:36:54,GET,Richard,
2024-12-22 00:36:54,GET,Richard,
2024-12-22 00:36:56,GET,Richard,
2024-12-22 00:36:56,GET,Richard,
2024-12-22 00:36:57,GET,Richard,
2024-12-22 00:36:57,GET,Richard,
2024-12-22 00:37:02,GET,Richard,
2024-12-22 00:37:02,GET,Richard,
2024-12-22 00:37:03,GET,Richard,
2024-12-22 00:37:03,GET,Richard,
2024-12-22 00:44:22,GET,Richard,Successfully retrieved balance records.
2024-12-22 00:44:37,GET,Richard,Successfully retrieved balance records.
2024-12-22 00:44:38,GET,Richard,Successfully retrieved balance records.
2024-12-22 00:44:39,GET,Richard,Successfully retrieved balance records.
2024-12-22 00:44:39,GET,Richard,Successfully retrieved balance records.
2024-12-22 00:44:40,GET,Richard,Successfully retrieved balance records.
2024-12-22 00:44:40,GET,Richard,Successfully retrieved balance records.
2024-12-22 01:24:36,GET,Richard,No data found
2024-12-22 01:24:45,GET,Richard,
2024-12-22 01:24:45,GET,Richard,No data found
2024-12-22 01:24:46,GET,Richard,
2024-12-22 01:24:46,GET,Richard,No data found
2024-12-22 01:24:47,GET,Richard,
2024-12-22 01:24:47,GET,Richard,No data found
2024-12-22 01:24:47,GET,Richard,
2024-12-22 01:24:47,GET,Richard,No data found
2024-12-22 01:24:51,GET,Richard,No data found
2024-12-22 01:24:51,GET,Richard,No data found
2024-12-22 01:24:51,GET,Richard,Successfully retrieved review records.
2024-12-22 01:24:52,GET,Richard,No data found
2024-12-22 01:24:52,GET,Richard,No data found
2024-12-22 01:24:52,GET,Richard,Successfully retrieved review records.
2024-12-22 01:24:53,GET,Richard,No data found
2024-12-22 01:24:53,GET,Richard,No data found
2024-12-22 01:24:53,GET,Richard,Successfully retrieved review records.
2024-12-22 01:24:53,GET,Richard,No data found
2024-12-22 01:24:53,GET,Richard,No data found
2024-12-22 01:24:53,GET,Richard,Successfully retrieved review records.
2024-12-22 01:24:54,GET,Richard,No data found
2024-12-22 01:24:54,GET,Richard,No data found
2024-12-22 01:24:54,GET,Richard,Successfully retrieved review records.
2024-12-22 01:24:54,GET,Richard,No data found
2024-12-22 01:24:54,GET,Richard,No data found
2024-12-22 01:24:54,GET,Richard,Successfully retrieved review records.
2024-12-22 01:24:55,GET,Richard,No data found
2024-12-22 01:24:55,GET,Richard,No data found
2024-12-22 01:24:55,GET,Richard,Successfully retrieved review records.
2024-12-22 01:26:05,GET,Richard,No data found
2024-12-22 01:26:05,GET,Richard,No data found
2024-12-22 01:26:05,GET,Richard,Successfully retrieved review records.
2024-12-22 01:26:05,GET,Richard,No data found
2024-12-22 01:26:05,GET,Richard,No data found
2024-12-22 01:26:05,GET,Richard,Successfully retrieved review records.
2024-12-22 01:26:07,GET,Richard,No data found
2024-12-22 01:26:07,GET,Richard,No data found
2024-12-22 01:26:07,GET,Richard,Successfully retrieved review records.
2024-12-22 01:26:12,GET,Richard,
2024-12-22 01:26:12,GET,Richard,
2024-12-22 01:26:12,GET,Richard,Successfully retrieved review records.
2024-12-22 01:26:13,GET,Richard,
2024-12-22 01:26:13,GET,Richard,
2024-12-22 01:26:13,GET,Richard,Successfully retrieved review records.
2024-12-22 01:26:19,GET,Richard,
2024-12-22 01:26:19,GET,Richard,
2024-12-22 01:26:19,GET,Richard,Successfully retrieved review records.
2024-12-22 01:26:20,GET,Richard,
2024-12-22 01:26:20,GET,Richard,
2024-12-22 01:26:20,GET,Richard,Successfully retrieved review records.
2024-12-22 01:26:25,GET,Richard,
2024-12-22 01:26:25,GET,Richard,No data found
2024-12-22 01:27:02,GET,Richard,
2024-12-22 01:27:02,GET,Richard,
2024-12-22 01:27:02,GET,Richard,Successfully retrieved review records.
2024-12-22 01:27:38,GET,Richard,No data found
2024-12-22 01:27:38,GET,Richard,No data found
2024-12-22 01:27:38,GET,Richard,Successfully retrieved review records.
2024-12-22 01:29:53,GET,Richard,No data found
2024-12-22 01:29:53,GET,Richard,No data found
2024-12-22 01:29:53,GET,Richard,No data found
2024-12-22 01:29:53,GET,Richard,Successfully retrieved review records.
2024-12-22 01:30:03,GET,Richard,
2024-12-22 01:30:03,GET,Richard,
2024-12-22 01:30:03,GET,Richard,
2024-12-22 01:30:03,GET,Richard,Successfully retrieved review records.
2024-12-22 01:30:17,GET,Richard,
2024-12-22 01:30:17,GET,Richard,No data found
2024-12-22 01:30:42,GET,Richard,
2024-12-22 01:30:42,GET,Richard,No data found
2024-12-22 01:30:43,GET,Richard,
2024-12-22 01:30:43,GET,Richard,No data found
2024-12-22 01:30:43,GET,Richard,
2024-12-22 01:30:43,GET,Richard,No data found
2024-12-22 01:30:58,GET,Richard,
2024-12-22 01:30:58,GET,Richard,No data found
2024-12-22 01:30:59,GET,Richard,
2024-12-22 01:30:59,GET,Richard,No data found
2024-12-22 01:30:59,GET,Richard,
2024-12-22 01:30:59,GET,Richard,No data found
2024-12-22 01:31:06,GET,Richard,
2024-12-22 01:31:06,GET,Richard,No data found
2024-12-22 01:31:14,GET,Richard,
2024-12-22 01:31:14,GET,Richard,No data found
2024-12-22 01:31:14,GET,Richard,
2024-12-22 01:31:14,GET,Richard,No data found
2024-12-22 01:31:15,GET,Richard,
2024-12-22 01:31:15,GET,Richard,No data found
2024-12-22 01:31:15,GET,Richard,
2024-12-22 01:31:15,GET,Richard,No data found
2024-12-22 01:31:32,GET,Richard,
2024-12-22 01:31:32,GET,Richard,No data found
2024-12-22 01:31:33,GET,Richard,
2024-12-22 01:31:33,GET,Richard,No data found
2024-12-22 01:31:41,GET,Richard,
2024-12-22 01:31:41,GET,Richard,No data found
2024-12-22 01:31:41,GET,Richard,
2024-12-22 01:31:41,GET,Richard,No data found
2024-12-22 01:31:46,GET,Richard,
2024-12-22 01:31:46,GET,Richard,No data found
2024-12-22 01:31:47,GET,Richard,
2024-12-22 01:31:47,GET,Richard,No data found
2024-12-22 01:31:47,GET,Richard,
2024-12-22 01:31:47,GET,Richard,No data found
2024-12-22 01:31:57,GET,Richard,
2024-12-22 01:31:57,GET,Richard,No data found
2024-12-22 01:31:58,GET,Richard,
2024-12-22 01:31:58,GET,Richard,No data found
2024-12-22 01:31:58,GET,Richard,
2024-12-22 01:31:58,GET,Richard,No data found
2024-12-22 01:32:16,GET,Richard,
2024-12-22 01:32:16,GET,Richard,
2024-12-22 01:32:16,GET,Richard,No data found
2024-12-22 01:32:17,GET,Richard,
2024-12-22 01:32:17,GET,Richard,
2024-12-22 01:32:17,GET,Richard,No data found
2024-12-22 01:32:17,GET,Richard,
2024-12-22 01:32:17,GET,Richard,
2024-12-22 01:32:17,GET,Richard,No data found
2024-12-22 01:32:18,GET,Richard,
2024-12-22 01:32:18,GET,Richard,
2024-12-22 01:32:18,GET,Richard,No data found
2024-12-22 01:32:18,GET,Richard,
2024-12-22 01:32:18,GET,Richard,
2024-12-22 01:32:18,GET,Richard,No data found
2024-12-22 01:32:19,GET,Richard,
2024-12-22 01:32:19,GET,Richard,
2024-12-22 01:32:19,GET,Richard,No data found
2024-12-22 01:34:32,GET,Richard,
2024-12-22 01:34:32,GET,Richard,
2024-12-22 01:34:32,GET,Richard,Successfully retrieved review records.
2024-12-22 01:34:50,GET,Richard,
2024-12-22 01:34:50,GET,Richard,
2024-12-22 01:34:50,GET,Richard,Successfully retrieved review records.
2024-12-22 14:06:15,GET,Richard,Successfully retrieved balance records.
2024-12-22 14:06:25,GET,Richard,Successfully retrieved balance records.
2024-12-22 14:32:39,GET,Richard,Successfully retrieved balance records.
2024-12-22 14:34:34,GET,Richard,No data found
2024-12-22 14:34:37,GET,Richard,Successfully retrieved transaction records.
2024-12-22 14:34:55,GET,Richard,Successfully retrieved transaction records.
2024-12-22 14:41:55,GET,Richard,No data found
2024-12-22 14:41:56,GET,Richard,No data found
2024-12-22 14:41:57,GET,Richard,No data found
2024-12-22 14:41:57,GET,Richard,No data found
2024-12-22 14:42:07,GET,Richard,No data found
2024-12-22 14:42:07,GET,Richard,No data found
2024-12-22 14:42:09,GET,Richard,No data found
2024-12-22 14:42:11,GET,Richard,No data found
2024-12-22 14:42:11,GET,Richard,No data found
2024-12-22 14:42:12,GET,Richard,No data found
2024-12-22 14:42:13,GET,Richard,No data found
2024-12-22 14:42:13,GET,Richard,No data found
2024-12-22 14:42:14,GET,Richard,No data found
2024-12-22 14:42:15,GET,Richard,No data found
2024-12-22 14:42:15,GET,Richard,No data found
2024-12-22 14:42:16,GET,Richard,No data found
2024-12-22 14:42:16,GET,Richard,No data found
2024-12-22 14:42:16,GET,Richard,No data found
2024-12-22 14:42:17,GET,Richard,No data found
2024-12-22 14:42:17,GET,Richard,No data found
2024-12-22 14:42:18,GET,Richard,No data found
2024-12-22 14:42:18,GET,Richard,No data found
2024-12-22 14:42:24,GET,Richard,No data found
2024-12-22 14:42:24,GET,Richard,No data found
2024-12-22 14:42:28,GET,Richard,No data found
2024-12-22 14:42:29,GET,Richard,No data found
2024-12-22 14:42:33,GET,Richard,Successfully retrieved message records.
2024-12-22 14:42:38,GET,Richard,Successfully retrieved message records.
2024-12-22 14:45:36,GET,Richard,No data found
2024-12-22 14:45:40,GET,Richard,Successfully retrieved message records.
2024-12-22 14:46:25,GET,Richard,No data found
2024-12-22 14:46:28,GET,Richard,Successfully retrieved message records.
2024-12-22 14:46:35,GET,Richard,Successfully retrieved message records.
2024-12-22 14:48:04,GET,Richard,Successfully retrieved services records.
2024-12-22 14:48:05,GET,Richard,Successfully retrieved services records.
2024-12-22 14:48:05,GET,Richard,Successfully retrieved services records.
2024-12-22 14:48:06,GET,Richard,Successfully retrieved services records.
2024-12-22 14:51:07,GET,Richard,Successfully retrieved services records.
2024-12-22 14:52:36,GET,Richard,No data found
2024-12-22 14:53:04,GET,Richard,
2024-12-22 14:53:04,POST,Richard,Insufficient parameters.
2024-12-22 14:53:06,GET,Richard,
2024-12-22 14:53:06,POST,Richard,Insufficient parameters.
2024-12-22 14:53:06,GET,Richard,
2024-12-22 14:53:06,POST,Richard,Insufficient parameters.
2024-12-22 14:53:07,GET,Richard,
2024-12-22 14:53:07,POST,Richard,Insufficient parameters.
2024-12-22 14:53:21,GET,Richard,
2024-12-22 14:53:21,GET,Richard,
2024-12-22 14:53:21,POST,Richard,Successfully created an offer.
2024-12-22 14:54:18,GET,Richard,
2024-12-22 14:54:18,GET,Richard,
2024-12-22 14:54:18,POST,Richard,Successfully created an offer.
2024-12-22 14:55:25,GET,Richard,
2024-12-22 14:55:25,GET,Richard,No data found
2024-12-22 14:55:25,POST,33,Provider User doesn't exist.
2024-12-22 14:55:26,GET,Richard,
2024-12-22 14:55:26,GET,Richard,No data found
2024-12-22 14:55:26,POST,33,Provider User doesn't exist.
2024-12-22 14:55:27,GET,Richard,
2024-12-22 14:55:27,GET,Richard,No data found
2024-12-22 14:55:27,POST,33,Provider User doesn't exist.
2024-12-22 14:55:27,GET,Richard,
2024-12-22 14:55:27,GET,Richard,No data found
2024-12-22 14:55:27,POST,33,Provider User doesn't exist.
2024-12-22 14:55:27,GET,Richard,
2024-12-22 14:55:27,GET,Richard,No data found
2024-12-22 14:55:27,POST,33,Provider User doesn't exist.
2024-12-22 14:55:28,GET,Richard,
2024-12-22 14:55:28,GET,Richard,No data found
2024-12-22 14:55:28,POST,33,Provider User doesn't exist.
2024-12-22 14:55:28,GET,Richard,
2024-12-22 14:55:28,GET,Richard,No data found
2024-12-22 14:55:28,POST,33,Provider User doesn't exist.
2024-12-22 14:55:28,GET,Richard,
2024-12-22 14:55:28,GET,Richard,No data found
2024-12-22 14:55:28,POST,33,Provider User doesn't exist.
2024-12-22 14:55:29,GET,Richard,
2024-12-22 14:55:29,GET,Richard,No data found
2024-12-22 14:55:29,POST,33,Provider User doesn't exist.
2024-12-22 14:55:29,GET,Richard,
2024-12-22 14:55:29,GET,Richard,No data found
2024-12-22 14:55:29,POST,33,Provider User doesn't exist.
2024-12-22 14:55:54,GET,Richard,
2024-12-22 14:55:54,GET,Richard,
2024-12-22 14:55:54,POST,Richard,Successfully created an offer.
2024-12-22 14:55:55,GET,Richard,
2024-12-22 14:55:55,GET,Richard,
2024-12-22 14:55:55,POST,Richard,Successfully created an offer.
2024-12-22 14:55:59,GET,Richard,
2024-12-22 14:55:59,GET,Richard,
2024-12-22 14:55:59,POST,Richard,Successfully created an offer.
2024-12-22 14:56:19,GET,Richard,
2024-12-22 14:56:19,GET,Richard,
2024-12-22 14:56:19,POST,Richard,Successfully created an offer.
2024-12-22 15:04:13,GET,Richard,
2024-12-22 15:04:13,GET,Richard,
2024-12-22 15:04:13,POST,Richard,Successfully created an offer.
2024-12-22 15:04:19,GET,Richard,SQLSTATE[42000]: Syntax error or access violation: 1064 You have an error in your SQL syntax; check the manual that corresponds to your MariaDB server version for the right syntax to use near 'AND isdeleted=0' at line 1
2024-12-22 15:04:19,PATCH,Richard,OfferId doesn't exist.
2024-12-22 15:04:20,GET,Richard,SQLSTATE[42000]: Syntax error or access violation: 1064 You have an error in your SQL syntax; check the manual that corresponds to your MariaDB server version for the right syntax to use near 'AND isdeleted=0' at line 1
2024-12-22 15:04:20,PATCH,Richard,OfferId doesn't exist.
2024-12-22 15:04:21,GET,Richard,SQLSTATE[42000]: Syntax error or access violation: 1064 You have an error in your SQL syntax; check the manual that corresponds to your MariaDB server version for the right syntax to use near 'AND isdeleted=0' at line 1
2024-12-22 15:04:21,PATCH,Richard,OfferId doesn't exist.
2024-12-22 15:04:21,GET,Richard,SQLSTATE[42000]: Syntax error or access violation: 1064 You have an error in your SQL syntax; check the manual that corresponds to your MariaDB server version for the right syntax to use near 'AND isdeleted=0' at line 1
2024-12-22 15:04:21,PATCH,Richard,OfferId doesn't exist.
2024-12-22 15:04:22,GET,Richard,SQLSTATE[42000]: Syntax error or access violation: 1064 You have an error in your SQL syntax; check the manual that corresponds to your MariaDB server version for the right syntax to use near 'AND isdeleted=0' at line 1
2024-12-22 15:04:22,PATCH,Richard,OfferId doesn't exist.
2024-12-22 15:04:23,GET,Richard,SQLSTATE[42000]: Syntax error or access violation: 1064 You have an error in your SQL syntax; check the manual that corresponds to your MariaDB server version for the right syntax to use near 'AND isdeleted=0' at line 1
2024-12-22 15:04:23,PATCH,Richard,OfferId doesn't exist.
2024-12-22 15:04:23,GET,Richard,SQLSTATE[42000]: Syntax error or access violation: 1064 You have an error in your SQL syntax; check the manual that corresponds to your MariaDB server version for the right syntax to use near 'AND isdeleted=0' at line 1
2024-12-22 15:04:23,PATCH,Richard,OfferId doesn't exist.
2024-12-22 15:04:31,GET,Richard,No data found
2024-12-22 15:04:31,PATCH,Richard,OfferId doesn't exist.
2024-12-22 15:04:32,GET,Richard,No data found
2024-12-22 15:04:32,PATCH,Richard,OfferId doesn't exist.
2024-12-22 15:05:01,GET,Richard,
2024-12-22 15:05:01,PATCH,Richard,Offer updated successfully.
2024-12-22 15:05:02,GET,Richard,
2024-12-22 15:05:02,PATCH,Richard,No changes were made.
2024-12-22 15:05:03,GET,Richard,
2024-12-22 15:05:03,PATCH,Richard,No changes were made.
2024-12-22 15:05:04,GET,Richard,
2024-12-22 15:05:04,PATCH,Richard,No changes were made.
2024-12-22 15:05:04,GET,Richard,
2024-12-22 15:05:04,PATCH,Richard,No changes were made.
2024-12-22 15:05:12,GET,Richard,
2024-12-22 15:05:12,PATCH,Richard,Offer updated successfully.
2024-12-22 15:05:22,GET,Richard,No data found
2024-12-22 15:05:22,PATCH,Richard,OfferId doesn't exist.
2024-12-22 15:06:28,GET,Richard,
2024-12-22 15:06:28,PATCH,Richard,No changes were made.
2024-12-22 15:06:32,GET,Richard,
2024-12-22 15:06:32,PATCH,Richard,Offer updated successfully.
2024-12-22 15:07:30,GET,Richard,
2024-12-22 15:07:30,PATCH,Richard,Offer archived successfully.
2024-12-22 15:07:31,GET,Richard,
2024-12-22 15:07:31,PATCH,Richard,No changes were made.
2024-12-22 15:07:37,GET,Richard,
2024-12-22 15:07:37,PATCH,Richard,Offer archived successfully.
2024-12-22 15:31:17,GET,Richard,SQLSTATE[42000]: Syntax error or access violation: 1064 You have an error in your SQL syntax; check the manual that corresponds to your MariaDB server version for the right syntax to use near '' at line 1
2024-12-22 15:31:17,PATCH,Richard,RequestId doesn't exist.
2024-12-22 15:31:28,GET,Richard,Successfully retrieved requests records.
2024-12-22 15:33:36,GET,Richard,No data found
2024-12-22 15:33:42,GET,Richard,No data found
2024-12-22 15:33:44,GET,Richard,No data found
2024-12-22 15:33:46,GET,Richard,No data found
2024-12-22 15:33:47,GET,Richard,No data found
2024-12-22 15:34:04,GET,Richard,Successfully retrieved requests records.
2024-12-22 15:34:41,GET,Richard,No data found
2024-12-22 15:36:26,GET,Richard,
2024-12-22 15:36:26,POST,33,Insufficient parameters.
2024-12-22 15:36:27,GET,Richard,
2024-12-22 15:36:27,POST,33,Insufficient parameters.
2024-12-22 15:36:27,GET,Richard,
2024-12-22 15:36:27,POST,33,Insufficient parameters.
2024-12-22 15:37:31,GET,Richard,
2024-12-22 15:37:31,GET,Richard,
2024-12-22 15:37:31,POST,Richard,Successfully created a request.
2024-12-22 15:37:51,GET,Richard,
2024-12-22 15:37:51,GET,Richard,
2024-12-22 15:37:51,POST,Richard,Successfully created a request.
2024-12-22 15:37:52,GET,Richard,
2024-12-22 15:37:52,GET,Richard,
2024-12-22 15:37:52,POST,Richard,Successfully created a request.
2024-12-22 15:37:54,GET,Richard,
2024-12-22 15:37:54,GET,Richard,No data found
2024-12-22 15:37:54,POST,33,Seeker User doesn't exist.
2024-12-22 15:38:15,GET,Richard,
2024-12-22 15:38:15,GET,Richard,
2024-12-22 15:38:15,POST,Richard,Successfully created a request.
2024-12-22 15:39:35,GET,Richard,Successfully retrieved requests records.
2024-12-22 15:39:48,GET,Richard,
2024-12-22 15:39:48,PATCH,Richard,No changes were made.
2024-12-22 15:39:51,GET,Richard,
2024-12-22 15:39:51,PATCH,Richard,Request updated successfully.
2024-12-22 15:40:53,GET,Richard,
2024-12-22 15:40:53,PATCH,Richard,No changes were made.
2024-12-22 15:41:36,GET,Richard,
2024-12-22 15:41:36,PATCH,Richard,Request archived successfully.
2024-12-22 15:41:43,GET,Richard,No data found
2024-12-22 15:41:43,PATCH,Richard,RequestId doesn't exist.
2024-12-22 15:41:44,GET,Richard,No data found
2024-12-22 15:41:44,PATCH,Richard,RequestId doesn't exist.
2024-12-22 15:41:45,GET,Richard,No data found
2024-12-22 15:41:45,PATCH,Richard,RequestId doesn't exist.
2024-12-22 15:41:45,GET,Richard,No data found
2024-12-22 15:41:45,PATCH,Richard,RequestId doesn't exist.
2024-12-22 15:41:47,GET,Richard,No data found
2024-12-22 15:41:47,PATCH,Richard,RequestId doesn't exist.
2024-12-22 15:41:48,GET,Richard,No data found
2024-12-22 15:41:48,PATCH,Richard,RequestId doesn't exist.
2024-12-22 15:41:48,GET,Richard,No data found
2024-12-22 15:41:48,PATCH,Richard,RequestId doesn't exist.
2024-12-22 15:41:49,GET,Richard,No data found
2024-12-22 15:41:49,PATCH,Richard,RequestId doesn't exist.
2024-12-22 15:47:44,GET,Richard,Successfully retrieved transaction records.
2024-12-22 15:47:45,GET,Richard,Successfully retrieved transaction records.
2024-12-22 15:48:09,GET,Richard,Successfully retrieved transaction records.
2024-12-22 15:48:50,GET,Richard,Successfully retrieved transaction records.
2024-12-22 15:49:24,GET,Richard,No data found
2024-12-22 15:50:03,POST,Richard,Insufficient parameters.
2024-12-22 15:50:36,POST,Richard,Insufficient parameters.
2024-12-22 15:50:36,POST,Richard,Insufficient parameters.
2024-12-22 15:50:37,POST,Richard,Insufficient parameters.
2024-12-22 15:50:37,POST,Richard,Insufficient parameters.
2024-12-22 15:51:47,GET,Richard,No data found
2024-12-22 15:51:47,POST,Richard,User doesn't exist.
2024-12-22 15:51:50,GET,Richard,No data found
2024-12-22 15:51:50,POST,Richard,User doesn't exist.
2024-12-22 15:51:53,GET,Richard,
2024-12-22 15:51:53,GET,Richard,No data found
2024-12-22 15:51:53,POST,Richard,User doesn't exist.
2024-12-22 15:51:53,GET,Richard,
2024-12-22 15:51:53,GET,Richard,No data found
2024-12-22 15:51:53,POST,Richard,User doesn't exist.
2024-12-22 15:51:54,GET,Richard,
2024-12-22 15:51:54,GET,Richard,No data found
2024-12-22 15:51:54,POST,Richard,User doesn't exist.
2024-12-22 15:51:56,GET,Richard,
2024-12-22 15:51:56,GET,Richard,
2024-12-22 15:51:56,POST,Richard,Successfully created a transaction.
2024-12-22 15:55:06,GET,Richard,Successfully retrieved transaction records.
2024-12-22 15:55:12,GET,Richard,
2024-12-22 15:55:12,GET,Richard,
2024-12-22 15:55:12,GET,Richard,
2024-12-22 15:55:12,PATCH,Richard,Transaction updated successfully.
2024-12-22 15:56:04,GET,Richard,
2024-12-22 15:56:04,GET,Richard,
2024-12-22 15:56:04,GET,Richard,No data found
2024-12-22 15:56:04,PATCH,Richard,Id doesn't exist.
2024-12-22 15:58:55,GET,Richard,Successfully retrieved balance records.
2024-12-22 15:58:56,GET,Richard,Successfully retrieved balance records.
2024-12-22 15:58:57,GET,Richard,Successfully retrieved balance records.
2024-12-22 15:58:57,GET,Richard,Successfully retrieved balance records.
2024-12-22 15:58:58,GET,Richard,Successfully retrieved balance records.
2024-12-22 15:59:44,GET,Richard,Successfully retrieved balance records.
2024-12-22 15:59:45,GET,Richard,Successfully retrieved balance records.
2024-12-22 15:59:49,GET,Richard,Successfully retrieved balance records.
2024-12-22 16:00:01,GET,Richard,Successfully retrieved balance records.
2024-12-22 16:00:04,GET,Richard,Successfully retrieved balance records.
2024-12-22 16:00:12,GET,Richard,No data found
2024-12-22 16:00:15,GET,Richard,Successfully retrieved balance records.
2024-12-22 16:01:11,GET,Richard,Successfully retrieved balance records.
2024-12-22 16:03:58,GET,Richard,SQLSTATE[42S22]: Column not found: 1054 Unknown column 'deposit' in 'where clause'
2024-12-22 16:03:59,GET,Richard,SQLSTATE[42S22]: Column not found: 1054 Unknown column 'deposit' in 'where clause'
2024-12-22 16:03:59,GET,Richard,SQLSTATE[42S22]: Column not found: 1054 Unknown column 'deposit' in 'where clause'
2024-12-22 16:04:02,GET,Richard,SQLSTATE[42S22]: Column not found: 1054 Unknown column 'deposit' in 'where clause'
2024-12-22 16:04:03,GET,Richard,SQLSTATE[42S22]: Column not found: 1054 Unknown column 'deposit' in 'where clause'
2024-12-22 16:04:04,GET,Richard,SQLSTATE[42S22]: Column not found: 1054 Unknown column 'deposit' in 'where clause'
2024-12-22 16:04:04,GET,Richard,SQLSTATE[42S22]: Column not found: 1054 Unknown column 'deposit' in 'where clause'
2024-12-22 16:04:07,GET,Richard,SQLSTATE[42S22]: Column not found: 1054 Unknown column 'deposit' in 'where clause'
2024-12-22 16:04:07,GET,Richard,SQLSTATE[42S22]: Column not found: 1054 Unknown column 'deposit' in 'where clause'
2024-12-22 16:04:12,PATCH,Richard,Insufficient parameters.
2024-12-22 16:04:16,GET,Richard,
2024-12-22 16:04:16,POST,Richard,Transaction Created Successfully.
2024-12-22 16:04:16,GET,Richard,Successfully retrieved balance.
2024-12-22 16:04:16,PATCH,Richard,Successfully deposited.
2024-12-22 16:04:18,GET,Richard,
2024-12-22 16:04:18,POST,Richard,Transaction Created Successfully.
2024-12-22 16:04:18,GET,Richard,Successfully retrieved balance.
2024-12-22 16:04:18,PATCH,Richard,Successfully deposited.
2024-12-22 16:04:30,GET,Richard,No data found
2024-12-22 16:04:30,PATCH,Richard,User doesn't exist.
2024-12-22 16:04:31,GET,Richard,No data found
2024-12-22 16:04:31,PATCH,Richard,User doesn't exist.
2024-12-22 16:04:32,GET,Richard,
2024-12-22 16:04:32,POST,Richard,Transaction Created Successfully.
2024-12-22 16:04:32,GET,Richard,Successfully retrieved balance.
2024-12-22 16:04:32,PATCH,Richard,Successfully deposited.
2024-12-22 16:04:50,GET,Richard,
2024-12-22 16:04:50,POST,Richard,Transaction Created Successfully.
2024-12-22 16:04:50,GET,Richard,Successfully retrieved balance.
2024-12-22 16:04:50,PATCH,Richard,Successfully withdrew.
2024-12-22 16:05:18,GET,Richard,
2024-12-22 16:05:18,POST,Richard,Transaction Created Successfully.
2024-12-22 16:05:18,GET,Richard,Successfully retrieved balance.
2024-12-22 16:05:18,PATCH,Richard,Successfully withdrawn.
2024-12-22 16:05:20,GET,Richard,
2024-12-22 16:05:20,POST,Richard,Transaction Created Successfully.
2024-12-22 16:05:20,GET,Richard,Successfully retrieved balance.
2024-12-22 16:05:20,PATCH,Richard,Successfully withdrawn.
2024-12-22 16:05:21,GET,Richard,
2024-12-22 16:05:21,POST,Richard,Transaction Created Successfully.
2024-12-22 16:05:21,GET,Richard,Successfully retrieved balance.
2024-12-22 16:05:21,PATCH,Richard,Successfully withdrawn.
2024-12-22 16:05:24,GET,Richard,
2024-12-22 16:05:24,POST,Richard,Transaction Created Successfully.
2024-12-22 16:05:24,GET,Richard,Successfully retrieved balance.
2024-12-22 16:05:24,PATCH,Richard,Successfully withdrawn.
2024-12-22 16:05:25,GET,Richard,
2024-12-22 16:05:25,POST,Richard,Transaction Created Successfully.
2024-12-22 16:05:25,GET,Richard,Successfully retrieved balance.
2024-12-22 16:05:25,PATCH,Richard,Insufficient funds.
2024-12-22 16:05:25,GET,Richard,
2024-12-22 16:05:25,POST,Richard,Transaction Created Successfully.
2024-12-22 16:05:25,GET,Richard,Successfully retrieved balance.
2024-12-22 16:05:25,PATCH,Richard,Insufficient funds.
2024-12-22 16:05:25,GET,Richard,
2024-12-22 16:05:25,POST,Richard,Transaction Created Successfully.
2024-12-22 16:05:25,GET,Richard,Successfully retrieved balance.
2024-12-22 16:05:25,PATCH,Richard,Insufficient funds.
2024-12-22 16:05:26,GET,Richard,
2024-12-22 16:05:26,POST,Richard,Transaction Created Successfully.
2024-12-22 16:05:26,GET,Richard,Successfully retrieved balance.
2024-12-22 16:05:26,PATCH,Richard,Insufficient funds.
2024-12-22 16:05:26,GET,Richard,
2024-12-22 16:05:26,POST,Richard,Transaction Created Successfully.
2024-12-22 16:05:26,GET,Richard,Successfully retrieved balance.
2024-12-22 16:05:26,PATCH,Richard,Insufficient funds.
2024-12-22 16:05:27,GET,Richard,
2024-12-22 16:05:27,POST,Richard,Transaction Created Successfully.
2024-12-22 16:05:27,GET,Richard,Successfully retrieved balance.
2024-12-22 16:05:27,PATCH,Richard,Insufficient funds.
2024-12-22 16:05:29,GET,Richard,
2024-12-22 16:05:29,POST,Richard,Transaction Created Successfully.
2024-12-22 16:05:29,GET,Richard,Successfully retrieved balance.
2024-12-22 16:05:29,PATCH,Richard,Insufficient funds.
2024-12-22 16:05:29,GET,Richard,
2024-12-22 16:05:29,POST,Richard,Transaction Created Successfully.
2024-12-22 16:05:29,GET,Richard,Successfully retrieved balance.
2024-12-22 16:05:29,PATCH,Richard,Insufficient funds.
2024-12-22 16:05:29,GET,Richard,
2024-12-22 16:05:29,POST,Richard,Transaction Created Successfully.
2024-12-22 16:05:29,GET,Richard,Successfully retrieved balance.
2024-12-22 16:05:29,PATCH,Richard,Insufficient funds.
2024-12-22 16:05:30,GET,Richard,
2024-12-22 16:05:30,POST,Richard,Transaction Created Successfully.
2024-12-22 16:05:30,GET,Richard,Successfully retrieved balance.
2024-12-22 16:05:30,PATCH,Richard,Insufficient funds.
2024-12-22 16:05:30,GET,Richard,
2024-12-22 16:05:30,POST,Richard,Transaction Created Successfully.
2024-12-22 16:05:30,GET,Richard,Successfully retrieved balance.
2024-12-22 16:05:30,PATCH,Richard,Insufficient funds.
2024-12-22 16:05:37,GET,Richard,Successfully retrieved balance records.
2024-12-22 16:05:50,GET,Richard,No data found
2024-12-22 16:05:50,PATCH,Richard,User doesn't exist.
2024-12-22 16:06:06,PATCH,Richard,Insufficient parameters.
2024-12-22 16:06:17,PATCH,Richard,Insufficient parameters.
2024-12-22 16:06:18,PATCH,Richard,Insufficient parameters.
2024-12-22 16:06:18,PATCH,Richard,Insufficient parameters.
2024-12-22 16:06:42,GET,Richard,No data found
2024-12-22 16:06:42,PATCH,Richard,User doesn't exist.
2024-12-22 16:06:47,GET,Richard,
2024-12-22 16:06:47,GET,Richard,
2024-12-22 16:06:47,GET,Richard,Successfully retrieved balance.
2024-12-22 16:06:47,GET,Richard,Successfully retrieved balance.
2024-12-22 16:06:47,PATCH,Richard,Successfully deducted balance.
2024-12-22 16:06:47,POST,Richard,Transaction Created Successfully.
2024-12-22 16:06:47,GET,Richard,Successfully retrieved balance.
2024-12-22 16:06:47,PATCH,Richard,Successfully added balance.
2024-12-22 16:06:47,POST,Richard,Transaction Created Successfully.
2024-12-22 16:06:47,PATCH,Richard,Transfer completed.
2024-12-22 16:07:12,GET,Richard,
2024-12-22 16:07:12,GET,Richard,
2024-12-22 16:07:12,GET,Richard,Successfully retrieved balance.
2024-12-22 16:07:12,PATCH,Richard,Insufficient funds.
2024-12-22 16:07:19,GET,Richard,No data found
2024-12-22 16:07:19,PATCH,Richard,User doesn't exist.
2024-12-22 16:33:00,GET,Richard,Successfully retrieved balance records.
2024-12-22 16:34:09,GET,Richard,Successfully retrieved balance records.
2024-12-22 16:34:10,GET,Richard,Successfully retrieved balance records.
2024-12-22 16:34:10,GET,Richard,Successfully retrieved balance records.
2024-12-22 16:35:33,GET,Richard,Successfully retrieved booking records.
2024-12-22 16:36:32,GET,Richard,Successfully retrieved booking records.
2024-12-22 16:36:50,GET,Richard,
2024-12-22 16:36:50,PATCH,Richard,Booking cancelled successfully.
2024-12-22 16:36:51,GET,Richard,
2024-12-22 16:36:51,PATCH,Richard,No changes were made.
2024-12-22 16:36:55,GET,Richard,No data found
2024-12-22 16:36:55,PATCH,Richard,BookingId doesn't exist.
2024-12-22 16:37:12,GET,Richard,
2024-12-22 16:37:12,GET,Richard,No data found
2024-12-22 16:37:12,POST,33,Offer doesn't exist.
2024-12-22 16:37:16,GET,Richard,
2024-12-22 16:37:16,GET,Richard,No data found
2024-12-22 16:37:16,POST,33,Offer doesn't exist.
2024-12-22 16:37:30,GET,Richard,
2024-12-22 16:37:30,GET,Richard,
2024-12-22 16:37:30,GET,Richard,No data found
2024-12-22 16:37:30,POST,33,User doesn't exist.
2024-12-22 16:37:35,GET,Richard,
2024-12-22 16:37:35,GET,Richard,
2024-12-22 16:37:35,GET,Richard,
2024-12-22 16:37:35,GET,Richard,No data found
2024-12-22 16:37:35,POST,33,User doesn't exist.
2024-12-22 16:37:41,GET,Richard,
2024-12-22 16:37:41,GET,Richard,
2024-12-22 16:37:41,GET,Richard,
2024-12-22 16:37:41,GET,Richard,
2024-12-22 16:37:41,POST,Richard,Successfully added to the bookings.
2024-12-22 16:38:01,GET,Richard,No data found
2024-12-22 16:38:01,PATCH,Richard,BookingId doesn't exist.
2024-12-22 16:38:08,GET,Richard,No data found
2024-12-22 16:38:08,PATCH,Richard,BookingId doesn't exist.
2024-12-22 16:38:09,GET,Richard,No data found
2024-12-22 16:38:09,PATCH,Richard,BookingId doesn't exist.
2024-12-22 16:38:10,GET,Richard,No data found
2024-12-22 16:38:10,PATCH,Richard,BookingId doesn't exist.
2024-12-22 16:38:20,GET,Richard,No data found
2024-12-22 16:38:20,PATCH,Richard,BookingId doesn't exist.
2024-12-22 16:39:33,GET,Richard,
2024-12-22 16:39:33,PATCH,Richard,Booking updated successfully.
2024-12-22 16:41:21,GET,Richard,
2024-12-22 16:41:21,GET,Richard,No data found
2024-12-22 16:41:21,POST,33,User doesn't exist.
2024-12-22 16:41:22,GET,Richard,
2024-12-22 16:41:22,GET,Richard,No data found
2024-12-22 16:41:22,POST,33,User doesn't exist.
2024-12-22 16:41:25,GET,Richard,
2024-12-22 16:41:25,GET,Richard,No data found
2024-12-22 16:41:25,POST,33,User doesn't exist.
2024-12-22 16:41:29,GET,Richard,
2024-12-22 16:41:29,GET,Richard,
2024-12-22 16:41:29,GET,Richard,
2024-12-22 16:41:29,POST,Richard,Successfully sent a message.
2024-12-22 16:41:37,GET,Richard,
2024-12-22 16:41:37,GET,Richard,No data found
2024-12-22 16:41:37,POST,33,User doesn't exist.
2024-12-22 16:41:46,GET,Richard,Successfully retrieved message records.
2024-12-22 16:42:44,GET,Richard,Successfully retrieved message records.
2024-12-22 16:42:49,GET,Richard,No data found
2024-12-22 16:43:05,GET,Richard,Successfully retrieved message records.
2024-12-22 16:43:14,GET,Richard,Successfully retrieved message records.
2024-12-22 16:43:15,GET,Richard,Successfully retrieved message records.
2024-12-22 16:43:15,GET,Richard,Successfully retrieved message records.
2024-12-22 16:43:16,GET,Richard,Successfully retrieved message records.
2024-12-22 16:43:16,GET,Richard,Successfully retrieved message records.
2024-12-22 16:43:19,GET,Richard,
2024-12-22 16:43:19,PATCH,Richard,Message archived successfully.
2024-12-22 16:44:39,GET,Richard,
2024-12-22 16:44:39,PATCH,Richard,No changes were made.
2024-12-22 16:44:42,GET,Richard,
2024-12-22 16:44:42,PATCH,Richard,Message updated successfully.
2024-12-22 16:44:45,GET,Richard,No data found
2024-12-22 16:44:45,PATCH,Richard,MessageId doesn't exist.
2024-12-22 16:45:38,GET,Richard,No data found
2024-12-22 16:45:38,PATCH,Richard,MessageId doesn't exist.
2024-12-22 16:45:40,GET,Richard,
2024-12-22 16:45:40,PATCH,Richard,Message archived successfully.
2024-12-22 16:45:43,GET,Richard,
2024-12-22 16:45:43,PATCH,Richard,No changes were made.
2024-12-22 16:45:48,GET,Richard,
2024-12-22 16:45:48,PATCH,Richard,No changes were made.
2024-12-22 16:45:51,GET,Richard,No data found
2024-12-22 16:45:51,PATCH,Richard,MessageId doesn't exist.
2024-12-22 16:48:00,GET,Richard,No data found
2024-12-22 16:48:00,PATCH,Richard,MessageId doesn't exist.
2024-12-22 16:48:01,GET,Richard,No data found
2024-12-22 16:48:01,PATCH,Richard,MessageId doesn't exist.
2024-12-22 16:48:01,GET,Richard,No data found
2024-12-22 16:48:01,PATCH,Richard,MessageId doesn't exist.
2024-12-22 16:48:03,GET,Richard,No data found
2024-12-22 16:48:03,PATCH,Richard,MessageId doesn't exist.
2024-12-22 16:48:06,GET,Richard,No data found
2024-12-22 16:48:06,PATCH,Richard,MessageId doesn't exist.
2024-12-22 16:48:07,GET,Richard,No data found
2024-12-22 16:48:07,PATCH,Richard,MessageId doesn't exist.
2024-12-22 16:48:13,GET,Richard,
2024-12-22 16:48:13,PATCH,Richard,No changes were made.
2024-12-22 16:48:18,GET,Richard,
2024-12-22 16:48:18,PATCH,Richard,No changes were made.
2024-12-22 16:48:19,GET,Richard,
2024-12-22 16:48:19,PATCH,Richard,No changes were made.
2024-12-22 16:48:19,GET,Richard,
2024-12-22 16:48:19,PATCH,Richard,No changes were made.
2024-12-22 16:48:20,GET,Richard,
2024-12-22 16:48:20,PATCH,Richard,No changes were made.
2024-12-22 16:48:20,GET,Richard,
2024-12-22 16:48:20,PATCH,Richard,No changes were made.
2024-12-22 16:48:21,GET,Richard,
2024-12-22 16:48:21,PATCH,Richard,No changes were made.
2024-12-22 16:48:21,GET,Richard,
2024-12-22 16:48:21,PATCH,Richard,No changes were made.
2024-12-22 16:48:21,GET,Richard,
2024-12-22 16:48:21,PATCH,Richard,No changes were made.
2024-12-22 16:48:22,GET,Richard,
2024-12-22 16:48:22,PATCH,Richard,No changes were made.
2024-12-22 16:48:22,GET,Richard,
2024-12-22 16:48:22,PATCH,Richard,No changes were made.
2024-12-22 16:48:23,GET,Richard,
2024-12-22 16:48:23,PATCH,Richard,No changes were made.
2024-12-22 16:48:23,GET,Richard,
2024-12-22 16:48:23,PATCH,Richard,No changes were made.
2024-12-22 16:48:26,GET,Richard,
2024-12-22 16:48:26,PATCH,Richard,No changes were made.
2024-12-22 16:48:27,GET,Richard,
2024-12-22 16:48:27,PATCH,Richard,No changes were made.
2024-12-22 16:48:27,GET,Richard,
2024-12-22 16:48:27,PATCH,Richard,No changes were made.
2024-12-22 16:48:32,GET,Richard,No data found
2024-12-22 16:48:32,PATCH,Richard,MessageId doesn't exist.
2024-12-22 16:48:34,GET,Richard,No data found
2024-12-22 16:48:34,PATCH,Richard,MessageId doesn't exist.
2024-12-22 16:48:34,GET,Richard,No data found
2024-12-22 16:48:34,PATCH,Richard,MessageId doesn't exist.
2024-12-22 16:48:45,GET,Richard,No data found
2024-12-22 16:48:45,PATCH,Richard,MessageId doesn't exist.
2024-12-22 16:48:46,GET,Richard,No data found
2024-12-22 16:48:46,PATCH,Richard,MessageId doesn't exist.
2024-12-22 16:48:46,GET,Richard,No data found
2024-12-22 16:48:46,PATCH,Richard,MessageId doesn't exist.
2024-12-22 16:49:49,GET,Richard,No data found
2024-12-22 16:49:49,PATCH,Richard,MessageId doesn't exist.
2024-12-22 16:49:53,GET,Richard,No data found
2024-12-22 16:49:53,PATCH,Richard,MessageId doesn't exist.
2024-12-22 16:49:54,GET,Richard,No data found
2024-12-22 16:49:54,PATCH,Richard,MessageId doesn't exist.
2024-12-22 16:49:54,GET,Richard,No data found
2024-12-22 16:49:54,PATCH,Richard,MessageId doesn't exist.
2024-12-22 16:49:54,GET,Richard,No data found
2024-12-22 16:49:54,PATCH,Richard,MessageId doesn't exist.
2024-12-22 16:49:55,GET,Richard,No data found
2024-12-22 16:49:55,PATCH,Richard,MessageId doesn't exist.
2024-12-22 16:49:55,GET,Richard,No data found
2024-12-22 16:49:55,PATCH,Richard,MessageId doesn't exist.
2024-12-22 16:49:56,GET,Richard,No data found
2024-12-22 16:49:56,PATCH,Richard,MessageId doesn't exist.
2024-12-22 16:49:58,GET,Richard,No data found
2024-12-22 16:49:58,PATCH,Richard,MessageId doesn't exist.
2024-12-22 16:50:03,GET,Richard,No data found
2024-12-22 16:50:03,PATCH,Richard,MessageId doesn't exist.
2024-12-22 16:50:04,GET,Richard,No data found
2024-12-22 16:50:04,PATCH,Richard,MessageId doesn't exist.
2024-12-22 16:50:08,GET,Richard,No data found
2024-12-22 16:50:08,PATCH,Richard,MessageId doesn't exist.
2024-12-22 16:50:09,GET,Richard,No data found
2024-12-22 16:50:09,PATCH,Richard,MessageId doesn't exist.
2024-12-22 16:50:09,GET,Richard,No data found
2024-12-22 16:50:09,PATCH,Richard,MessageId doesn't exist.
2024-12-22 16:50:10,GET,Richard,No data found
2024-12-22 16:50:10,PATCH,Richard,MessageId doesn't exist.
2024-12-22 16:50:10,GET,Richard,No data found
2024-12-22 16:50:10,PATCH,Richard,MessageId doesn't exist.
2024-12-22 16:50:11,GET,Richard,No data found
2024-12-22 16:50:11,PATCH,Richard,MessageId doesn't exist.
2024-12-22 16:50:11,GET,Richard,No data found
2024-12-22 16:50:11,PATCH,Richard,MessageId doesn't exist.
2024-12-22 16:50:18,GET,Richard,
2024-12-22 16:50:18,PATCH,Richard,Message archived successfully.
2024-12-22 16:50:19,GET,Richard,No data found
2024-12-22 16:50:19,PATCH,Richard,MessageId doesn't exist.
2024-12-22 16:50:21,GET,Richard,No data found
2024-12-22 16:50:21,PATCH,Richard,MessageId doesn't exist.
2024-12-22 16:50:21,GET,Richard,No data found
2024-12-22 16:50:21,PATCH,Richard,MessageId doesn't exist.
2024-12-22 16:50:22,GET,Richard,No data found
2024-12-22 16:50:22,PATCH,Richard,MessageId doesn't exist.
2024-12-22 16:50:23,GET,Richard,No data found
2024-12-22 16:50:23,PATCH,Richard,MessageId doesn't exist.
2024-12-22 16:50:23,GET,Richard,No data found
2024-12-22 16:50:23,PATCH,Richard,MessageId doesn't exist.
2024-12-22 16:50:24,GET,Richard,No data found
2024-12-22 16:50:24,PATCH,Richard,MessageId doesn't exist.
2024-12-22 16:50:24,GET,Richard,No data found
2024-12-22 16:50:24,PATCH,Richard,MessageId doesn't exist.
2024-12-22 16:50:25,GET,Richard,No data found
2024-12-22 16:50:25,PATCH,Richard,MessageId doesn't exist.
2024-12-22 16:52:20,GET,Richard,No data found
2024-12-22 16:52:20,PATCH,Richard,MessageId doesn't exist.
2024-12-22 16:52:21,GET,Richard,No data found
2024-12-22 16:52:21,PATCH,Richard,MessageId doesn't exist.
2024-12-22 16:52:21,GET,Richard,No data found
2024-12-22 16:52:21,PATCH,Richard,MessageId doesn't exist.
2024-12-22 16:52:33,GET,Richard,
2024-12-22 16:52:33,PATCH,Richard,Message archived successfully.
2024-12-22 16:52:33,GET,Richard,No data found
2024-12-22 16:52:33,PATCH,Richard,MessageId doesn't exist.
2024-12-22 16:52:54,GET,Richard,
2024-12-22 16:52:54,PATCH,Richard,User archived successfully.
2024-12-22 16:52:56,GET,Richard,No data found
2024-12-22 16:52:56,PATCH,Richard,User doesn't exist.
2024-12-22 16:54:03,GET,Richard,
2024-12-22 16:54:03,PATCH,Richard,No changes were made.
2024-12-22 16:54:04,GET,Richard,
2024-12-22 16:54:04,PATCH,Richard,No changes were made.
2024-12-22 16:54:05,GET,Richard,
2024-12-22 16:54:05,PATCH,Richard,No changes were made.
2024-12-22 16:54:05,GET,Richard,
2024-12-22 16:54:05,PATCH,Richard,No changes were made.
2024-12-22 16:54:06,GET,Richard,
2024-12-22 16:54:06,PATCH,Richard,No changes were made.
2024-12-22 16:54:06,GET,Richard,
2024-12-22 16:54:06,PATCH,Richard,No changes were made.
2024-12-22 16:54:06,GET,Richard,
2024-12-22 16:54:06,PATCH,Richard,No changes were made.
2024-12-22 16:54:07,GET,Richard,
2024-12-22 16:54:07,PATCH,Richard,No changes were made.
2024-12-22 16:54:22,GET,Richard,
2024-12-22 16:54:22,PATCH,Richard,No changes were made.
2024-12-22 16:54:25,GET,Richard,
2024-12-22 16:54:25,PATCH,Richard,User archived successfully.
2024-12-22 16:54:26,GET,Richard,No data found
2024-12-22 16:54:26,PATCH,Richard,User doesn't exist.
2024-12-22 16:54:27,GET,Richard,No data found
2024-12-22 16:54:27,PATCH,Richard,User doesn't exist.
2024-12-22 16:54:27,GET,Richard,No data found
2024-12-22 16:54:27,PATCH,Richard,User doesn't exist.
2024-12-22 16:54:28,GET,Richard,No data found
2024-12-22 16:54:28,PATCH,Richard,User doesn't exist.
2024-12-22 16:54:28,GET,Richard,No data found
2024-12-22 16:54:28,PATCH,Richard,User doesn't exist.
2024-12-22 16:54:29,GET,Richard,
2024-12-22 16:54:29,PATCH,Richard,No changes were made.
2024-12-22 16:54:30,GET,Richard,
2024-12-22 16:54:30,PATCH,Richard,No changes were made.
2024-12-22 16:54:31,GET,Richard,
2024-12-22 16:54:31,PATCH,Richard,No changes were made.
2024-12-22 16:54:31,GET,Richard,
2024-12-22 16:54:31,PATCH,Richard,No changes were made.
2024-12-22 16:54:31,GET,Richard,
2024-12-22 16:54:31,PATCH,Richard,No changes were made.
2024-12-22 16:54:32,GET,Richard,
2024-12-22 16:54:32,PATCH,Richard,No changes were made.
2024-12-22 16:54:42,GET,Richard,
2024-12-22 16:54:42,PATCH,Richard,No changes were made.
2024-12-22 16:54:44,GET,Richard,
2024-12-22 16:54:44,PATCH,Richard,No changes were made.
2024-12-22 16:54:44,GET,Richard,
2024-12-22 16:54:44,PATCH,Richard,No changes were made.
2024-12-22 16:54:47,GET,Richard,
2024-12-22 16:54:47,PATCH,Richard,No changes were made.
2024-12-22 16:54:47,GET,Richard,
2024-12-22 16:54:47,PATCH,Richard,No changes were made.
2024-12-22 16:54:47,GET,Richard,
2024-12-22 16:54:47,PATCH,Richard,No changes were made.
2024-12-22 16:54:48,GET,Richard,
2024-12-22 16:54:48,PATCH,Richard,No changes were made.
2024-12-22 16:59:18,GET,Richard,Successfully retrieved review records.
2024-12-22 16:59:32,GET,Richard,Successfully retrieved review records.
2024-12-22 16:59:57,GET,Richard,No data found
2024-12-22 17:00:22,GET,Richard,Successfully retrieved review records.
2024-12-22 17:00:26,GET,Richard,
2024-12-22 17:00:26,PATCH,Richard,Reveiew archived successfully.
2024-12-22 17:00:27,GET,Richard,No data found
2024-12-22 17:00:27,PATCH,Richard,ReviewId doesn't exist.
2024-12-22 17:00:28,GET,Richard,No data found
2024-12-22 17:00:28,PATCH,Richard,ReviewId doesn't exist.
2024-12-22 17:00:33,GET,Richard,
2024-12-22 17:00:33,PATCH,Richard,Reveiew archived successfully.
2024-12-22 17:00:37,GET,Richard,No data found
2024-12-22 17:00:37,PATCH,Richard,ReviewId doesn't exist.
2024-12-22 17:01:00,GET,Richard,Successfully retrieved review records.
2024-12-22 17:01:16,GET,Richard,
2024-12-22 17:01:16,GET,Richard,No data found
2024-12-22 17:01:16,POST,33,User doesn't exist.
2024-12-22 17:01:17,GET,Richard,
2024-12-22 17:01:17,GET,Richard,No data found
2024-12-22 17:01:17,POST,33,User doesn't exist.
2024-12-22 17:01:17,GET,Richard,
2024-12-22 17:01:17,GET,Richard,No data found
2024-12-22 17:01:17,POST,33,User doesn't exist.
2024-12-22 17:01:21,GET,Richard,
2024-12-22 17:01:21,GET,Richard,
2024-12-22 17:01:21,GET,Richard,
2024-12-22 17:01:21,POST,Richard,Successfully added a review.
2024-12-22 17:01:23,GET,Richard,
2024-12-22 17:01:23,GET,Richard,
2024-12-22 17:01:23,GET,Richard,
2024-12-22 17:01:23,POST,Richard,Successfully added a review.
2024-12-22 17:01:29,GET,Richard,
2024-12-22 17:01:29,GET,Richard,No data found
2024-12-22 17:01:29,POST,33,User doesn't exist.
2024-12-22 17:01:57,GET,Richard,Successfully retrieved review records.
2024-12-22 17:02:07,GET,Richard,
2024-12-22 17:02:07,PATCH,Richard,Review updated successfully.
2024-12-22 17:02:13,GET,Richard,No data found
2024-12-22 17:02:13,PATCH,Richard,ReviewId doesn't exist.
2024-12-22 17:02:14,GET,Richard,No data found
2024-12-22 17:02:14,PATCH,Richard,ReviewId doesn't exist.
2024-12-22 17:02:15,GET,Richard,No data found
2024-12-22 17:02:15,PATCH,Richard,ReviewId doesn't exist.
2024-12-22 17:02:15,GET,Richard,No data found
2024-12-22 17:02:15,PATCH,Richard,ReviewId doesn't exist.
2024-12-22 17:03:02,GET,Richard,
2024-12-22 17:03:02,GET,Richard,
2024-12-22 17:03:11,GET,Richard,
2024-12-22 17:03:11,GET,Richard,
