2024-12-10 18:40:44,POST,john_doe4,Successfully added to the records.
2024-12-10 18:40:45,POST,john_doe4,Successfully added to the records.
2024-12-10 18:40:46,POST,john_doe4,Successfully added to the records.
2024-12-10 18:40:47,POST,john_doe4,Successfully added to the records.
2024-12-10 18:40:48,POST,john_doe4,Successfully added to the records.
2024-12-10 18:41:43,POST,john_doe4,Successfully added to the records.
2024-12-10 18:51:53,POST,john_doe4,Insufficient parameters.
2024-12-10 18:51:55,POST,john_doe4,Insufficient parameters.
2024-12-10 18:52:11,POST,john_doe4,Insufficient parameters.
2024-12-10 19:12:26,PATCH,john_doe4,Missing required fields.
2024-12-10 19:12:31,GET,john_doe4,
2024-12-10 19:12:31,GET,john_doe4,
2024-12-10 19:12:31,GET,john_doe4,
2024-12-10 19:12:31,PATCH,john_doe4,
2024-12-10 19:12:31,POST,john_doe4,Transaction Created Successfully.
2024-12-10 19:12:31,GET,john_doe4,
2024-12-10 19:12:31,PATCH,john_doe4,
2024-12-10 19:12:31,POST,john_doe4,Transaction Created Successfully.
2024-12-10 19:12:31,PATCH,john_doe4,Transfer completed.
2024-12-10 19:14:24,GET,john_doe4,
2024-12-10 19:14:24,GET,john_doe4,
2024-12-10 19:14:24,GET,john_doe4,
2024-12-10 19:14:24,PATCH,john_doe4,
2024-12-10 19:14:24,POST,john_doe4,Transaction Created Successfully.
2024-12-10 19:14:24,GET,john_doe4,
2024-12-10 19:14:24,PATCH,john_doe4,
2024-12-10 19:14:24,POST,john_doe4,Transaction Created Successfully.
2024-12-10 19:14:24,PATCH,john_doe4,Transfer completed.
2024-12-10 19:18:09,GET,john_doe4,Successfully retrieved balance.
2024-12-10 19:18:09,GET,john_doe4,Successfully retrieved balance.
2024-12-10 19:18:09,GET,john_doe4,Successfully retrieved balance.
2024-12-10 19:18:09,PATCH,john_doe4,
2024-12-10 19:18:09,POST,john_doe4,Transaction Created Successfully.
2024-12-10 19:18:09,GET,john_doe4,Successfully retrieved balance.
2024-12-10 19:18:09,PATCH,john_doe4,
2024-12-10 19:18:09,POST,john_doe4,Transaction Created Successfully.
2024-12-10 19:18:09,PATCH,john_doe4,Transfer completed.
2024-12-10 19:20:20,GET,john_doe4,Successfully retrieved balance.
2024-12-10 19:20:20,GET,john_doe4,Successfully retrieved balance.
2024-12-10 19:20:20,PATCH,john_doe4,
2024-12-10 19:20:20,POST,john_doe4,Transaction Created Successfully.
2024-12-10 19:20:20,GET,john_doe4,Successfully retrieved balance.
2024-12-10 19:20:20,PATCH,john_doe4,
2024-12-10 19:20:20,POST,john_doe4,Transaction Created Successfully.
2024-12-10 19:20:20,PATCH,john_doe4,Transfer completed.
2024-12-10 19:22:06,GET,john_doe4,Successfully retrieved balance.
2024-12-10 19:22:06,GET,john_doe4,Successfully retrieved balance.
2024-12-10 19:22:06,PATCH,john_doe4,Successfully deducted balance.
2024-12-10 19:22:06,POST,john_doe4,Transaction Created Successfully.
2024-12-10 19:22:06,GET,john_doe4,Successfully retrieved balance.
2024-12-10 19:22:06,PATCH,john_doe4,Successfully added balance.
2024-12-10 19:22:06,POST,john_doe4,Transaction Created Successfully.
2024-12-10 19:22:06,PATCH,john_doe4,Transfer completed.
2024-12-10 19:22:13,GET,john_doe4,Successfully retrieved balance.
2024-12-10 19:22:13,GET,john_doe4,Successfully retrieved balance.
2024-12-10 19:22:13,PATCH,john_doe4,Successfully deducted balance.
2024-12-10 19:22:13,POST,john_doe4,Transaction Created Successfully.
2024-12-10 19:22:13,GET,john_doe4,Successfully retrieved balance.
2024-12-10 19:22:13,PATCH,john_doe4,Successfully added balance.
2024-12-10 19:22:13,POST,john_doe4,Transaction Created Successfully.
2024-12-10 19:22:13,PATCH,john_doe4,Transfer completed.
2024-12-10 19:22:24,PATCH,john_doe4,Invalid transfer amount.
2024-12-10 19:22:50,GET,john_doe4,Successfully retrieved user records.
2024-12-10 19:23:07,GET,john_doe4,Successfully retrieved balance records.
2024-12-10 19:23:18,GET,john_doe4,Successfully retrieved balance records.
2024-12-10 19:33:05,GET,john_doe4,Successfully retrieved balance records.
2024-12-10 19:39:17,GET,john_doe4,Successfully retrieved user records.
2024-12-10 19:39:59,GET,john_doe4,No data found
2024-12-10 19:40:31,GET,john_doe4,No data found
2024-12-10 19:43:08,GET,john_doe4,No data found
2024-12-10 19:43:19,GET,john_doe4,No data found
2024-12-10 19:43:23,GET,john_doe4,Successfully retrieved user records.
2024-12-10 19:43:44,GET,john_doe4,Successfully retrieved user records.
2024-12-10 19:43:51,GET,john_doe4,No data found
2024-12-10 19:44:58,GET,john_doe4,Successfully retrieved user records.
2024-12-10 19:54:42,PATCH,john_doe4,No changes were made.
2024-12-10 19:54:56,PATCH,john_doe4,User updated successfully.
2024-12-10 19:57:28,GET,john_doe4,Successfully retrieved services records.
2024-12-10 19:57:50,GET,john_doe4,No data found
2024-12-10 19:58:00,GET,john_doe4,No data found
2024-12-10 20:01:47,POST,john_doe4,Successfully added to the records.
2024-12-10 20:03:20,POST,john_doe4,Successfully added to the records.
2024-12-10 20:05:12,POST,john_doe4,Successfully added to the records.
2024-12-10 20:05:28,POST,john_doe4,Successfully added to the records.
2024-12-10 20:06:14,POST,john_doe4,Successfully added to the records.
2024-12-10 20:07:08,POST,john_doe4,Successfully added to the records.
2024-12-10 20:08:14,POST,john_doe4,Successfully added to the records.
2024-12-10 20:08:37,POST,john_doe4,Successfully added to the records.
2024-12-10 20:08:54,POST,john_doe4,Successfully added to the records.
2024-12-10 20:10:07,POST,john_doe4,Successfully added to the records.
2024-12-10 20:10:34,POST,john_doe4,Successfully added to the bookings.
2024-12-10 20:19:31,POST,john_doe4,Insufficient parameters.
2024-12-10 20:19:37,POST,john_doe4,Insufficient parameters.
2024-12-10 20:20:36,POST,john_doe4,Insufficient parameters.
2024-12-10 20:20:50,POST,john_doe4,Insufficient parameters.
2024-12-10 20:20:55,POST,john_doe4,Insufficient parameters.
2024-12-10 20:20:56,POST,john_doe4,Insufficient parameters.
2024-12-10 20:21:21,POST,john_doe4,Insufficient parameters.
2024-12-10 20:21:21,POST,john_doe4,Insufficient parameters.
2024-12-10 20:21:22,POST,john_doe4,Insufficient parameters.
2024-12-10 20:21:34,POST,john_doe4,Insufficient parameters.
2024-12-10 20:21:35,POST,john_doe4,Insufficient parameters.
2024-12-10 20:21:36,POST,john_doe4,Insufficient parameters.
2024-12-10 20:21:36,POST,john_doe4,Insufficient parameters.
2024-12-10 20:21:37,POST,john_doe4,Insufficient parameters.
2024-12-10 20:21:38,POST,john_doe4,Insufficient parameters.
2024-12-10 20:21:38,POST,john_doe4,Insufficient parameters.
2024-12-10 20:21:58,POST,john_doe4,Insufficient parameters.
2024-12-10 20:21:59,POST,john_doe4,Insufficient parameters.
2024-12-10 20:21:59,POST,john_doe4,Insufficient parameters.
2024-12-10 20:22:06,POST,john_doe4,Insufficient parameters.
2024-12-10 20:22:07,POST,john_doe4,Insufficient parameters.
2024-12-10 20:22:07,POST,john_doe4,Insufficient parameters.
2024-12-10 20:22:07,POST,john_doe4,Insufficient parameters.
2024-12-10 20:22:08,POST,john_doe4,Insufficient parameters.
2024-12-10 20:22:28,POST,john_doe4,Insufficient parameters.
2024-12-10 20:22:29,POST,john_doe4,Insufficient parameters.
2024-12-10 20:22:29,POST,john_doe4,Insufficient parameters.
2024-12-10 20:22:31,POST,john_doe4,Insufficient parameters.
2024-12-10 20:22:40,GET,john_doe4,SQLSTATE[42S22]: Column not found: 1054 Unknown column 'john_doe4' in 'where clause'
2024-12-10 20:22:40,POST,john_doe4,Provider User doesn't exist.
2024-12-10 20:22:41,GET,john_doe4,SQLSTATE[42S22]: Column not found: 1054 Unknown column 'john_doe4' in 'where clause'
2024-12-10 20:22:41,POST,john_doe4,Provider User doesn't exist.
2024-12-10 20:25:55,GET,john_doe4,SQLSTATE[42S22]: Column not found: 1054 Unknown column 'john_doe4' in 'where clause'
2024-12-10 20:25:55,POST,john_doe4,Insufficient parameters.
2024-12-10 20:26:16,GET,john_doe4,SQLSTATE[42S22]: Column not found: 1054 Unknown column 'john_doe4' in 'where clause'
2024-12-10 20:26:16,POST,john_doe4,Insufficient parameters.
2024-12-10 20:26:17,GET,john_doe4,SQLSTATE[42S22]: Column not found: 1054 Unknown column 'john_doe4' in 'where clause'
2024-12-10 20:26:17,POST,john_doe4,Insufficient parameters.
2024-12-10 20:26:17,GET,john_doe4,SQLSTATE[42S22]: Column not found: 1054 Unknown column 'john_doe4' in 'where clause'
2024-12-10 20:26:17,POST,john_doe4,Insufficient parameters.
2024-12-10 20:26:18,GET,john_doe4,SQLSTATE[42S22]: Column not found: 1054 Unknown column 'john_doe4' in 'where clause'
2024-12-10 20:26:18,POST,john_doe4,Insufficient parameters.
2024-12-10 20:26:26,GET,john_doe4,SQLSTATE[42S22]: Column not found: 1054 Unknown column 'john_doe4' in 'where clause'
2024-12-10 20:26:26,POST,john_doe4,Insufficient parameters.
2024-12-10 20:26:27,GET,john_doe4,SQLSTATE[42S22]: Column not found: 1054 Unknown column 'john_doe4' in 'where clause'
2024-12-10 20:26:27,POST,john_doe4,Insufficient parameters.
2024-12-10 20:26:27,GET,john_doe4,SQLSTATE[42S22]: Column not found: 1054 Unknown column 'john_doe4' in 'where clause'
2024-12-10 20:26:27,POST,john_doe4,Insufficient parameters.
2024-12-10 20:27:03,GET,john_doe4,SQLSTATE[42S22]: Column not found: 1054 Unknown column 'john_doe4' in 'where clause'
2024-12-10 20:27:03,POST,john_doe4,Insufficient parameters.
2024-12-10 20:27:04,GET,john_doe4,SQLSTATE[42S22]: Column not found: 1054 Unknown column 'john_doe4' in 'where clause'
2024-12-10 20:27:04,POST,john_doe4,Insufficient parameters.
2024-12-10 20:27:05,GET,john_doe4,SQLSTATE[42S22]: Column not found: 1054 Unknown column 'john_doe4' in 'where clause'
2024-12-10 20:27:05,POST,john_doe4,Insufficient parameters.
2024-12-10 20:27:06,GET,john_doe4,SQLSTATE[42S22]: Column not found: 1054 Unknown column 'john_doe4' in 'where clause'
2024-12-10 20:27:06,POST,john_doe4,Insufficient parameters.
2024-12-10 20:27:06,GET,john_doe4,SQLSTATE[42S22]: Column not found: 1054 Unknown column 'john_doe4' in 'where clause'
2024-12-10 20:27:06,POST,john_doe4,Insufficient parameters.
2024-12-10 20:27:16,GET,john_doe4,SQLSTATE[42S22]: Column not found: 1054 Unknown column 'john_doe4' in 'where clause'
2024-12-10 20:27:16,POST,john_doe4,Insufficient parameters.
2024-12-10 20:27:17,GET,john_doe4,SQLSTATE[42S22]: Column not found: 1054 Unknown column 'john_doe4' in 'where clause'
2024-12-10 20:27:17,POST,john_doe4,Insufficient parameters.
2024-12-10 20:27:17,GET,john_doe4,SQLSTATE[42S22]: Column not found: 1054 Unknown column 'john_doe4' in 'where clause'
2024-12-10 20:27:17,POST,john_doe4,Insufficient parameters.
2024-12-10 20:27:18,GET,john_doe4,SQLSTATE[42S22]: Column not found: 1054 Unknown column 'john_doe4' in 'where clause'
2024-12-10 20:27:18,POST,john_doe4,Insufficient parameters.
2024-12-10 20:27:52,GET,john_doe4,SQLSTATE[42S22]: Column not found: 1054 Unknown column 'john_doe4' in 'where clause'
2024-12-10 20:27:52,POST,john_doe4,Insufficient parameters.
2024-12-10 20:27:52,GET,john_doe4,SQLSTATE[42S22]: Column not found: 1054 Unknown column 'john_doe4' in 'where clause'
2024-12-10 20:27:52,POST,john_doe4,Insufficient parameters.
2024-12-10 20:27:53,GET,john_doe4,SQLSTATE[42S22]: Column not found: 1054 Unknown column 'john_doe4' in 'where clause'
2024-12-10 20:27:53,POST,john_doe4,Insufficient parameters.
2024-12-10 20:28:07,GET,john_doe4,SQLSTATE[42S22]: Column not found: 1054 Unknown column 'john_doe4' in 'where clause'
2024-12-10 20:28:07,POST,john_doe4,Insufficient parameters.
2024-12-10 20:28:16,GET,john_doe4,SQLSTATE[42S22]: Column not found: 1054 Unknown column 'john_doe4' in 'where clause'
2024-12-10 20:28:16,GET,john_doe4,SQLSTATE[42000]: Syntax error or access violation: 1064 You have an error in your SQL syntax; check the manual that corresponds to your MariaDB server version for the right syntax to use near '' at line 1
2024-12-10 20:28:16,POST,john_doe4,Provider User doesn't exist.
2024-12-10 20:28:33,GET,john_doe4,SQLSTATE[42S22]: Column not found: 1054 Unknown column 'john_doe4' in 'where clause'
2024-12-10 20:28:33,GET,john_doe4,SQLSTATE[42000]: Syntax error or access violation: 1064 You have an error in your SQL syntax; check the manual that corresponds to your MariaDB server version for the right syntax to use near '' at line 1
2024-12-10 20:28:33,POST,john_doe4,Provider User doesn't exist.
2024-12-10 20:28:34,GET,john_doe4,SQLSTATE[42S22]: Column not found: 1054 Unknown column 'john_doe4' in 'where clause'
2024-12-10 20:28:34,GET,john_doe4,SQLSTATE[42000]: Syntax error or access violation: 1064 You have an error in your SQL syntax; check the manual that corresponds to your MariaDB server version for the right syntax to use near '' at line 1
2024-12-10 20:28:34,POST,john_doe4,Provider User doesn't exist.
2024-12-10 20:28:34,GET,john_doe4,SQLSTATE[42S22]: Column not found: 1054 Unknown column 'john_doe4' in 'where clause'
2024-12-10 20:28:34,GET,john_doe4,SQLSTATE[42000]: Syntax error or access violation: 1064 You have an error in your SQL syntax; check the manual that corresponds to your MariaDB server version for the right syntax to use near '' at line 1
2024-12-10 20:28:34,POST,john_doe4,Provider User doesn't exist.
2024-12-10 20:28:35,GET,john_doe4,SQLSTATE[42S22]: Column not found: 1054 Unknown column 'john_doe4' in 'where clause'
2024-12-10 20:28:35,GET,john_doe4,SQLSTATE[42000]: Syntax error or access violation: 1064 You have an error in your SQL syntax; check the manual that corresponds to your MariaDB server version for the right syntax to use near '' at line 1
2024-12-10 20:28:35,POST,john_doe4,Provider User doesn't exist.
2024-12-10 20:28:35,GET,john_doe4,SQLSTATE[42S22]: Column not found: 1054 Unknown column 'john_doe4' in 'where clause'
2024-12-10 20:28:35,GET,john_doe4,SQLSTATE[42000]: Syntax error or access violation: 1064 You have an error in your SQL syntax; check the manual that corresponds to your MariaDB server version for the right syntax to use near '' at line 1
2024-12-10 20:28:35,POST,john_doe4,Provider User doesn't exist.
2024-12-10 20:28:35,GET,john_doe4,SQLSTATE[42S22]: Column not found: 1054 Unknown column 'john_doe4' in 'where clause'
2024-12-10 20:28:35,GET,john_doe4,SQLSTATE[42000]: Syntax error or access violation: 1064 You have an error in your SQL syntax; check the manual that corresponds to your MariaDB server version for the right syntax to use near '' at line 1
2024-12-10 20:28:35,POST,john_doe4,Provider User doesn't exist.
2024-12-10 20:28:36,GET,john_doe4,SQLSTATE[42S22]: Column not found: 1054 Unknown column 'john_doe4' in 'where clause'
2024-12-10 20:28:36,GET,john_doe4,SQLSTATE[42000]: Syntax error or access violation: 1064 You have an error in your SQL syntax; check the manual that corresponds to your MariaDB server version for the right syntax to use near '' at line 1
2024-12-10 20:28:36,POST,john_doe4,Provider User doesn't exist.
2024-12-10 20:28:36,GET,john_doe4,SQLSTATE[42S22]: Column not found: 1054 Unknown column 'john_doe4' in 'where clause'
2024-12-10 20:28:36,GET,john_doe4,SQLSTATE[42000]: Syntax error or access violation: 1064 You have an error in your SQL syntax; check the manual that corresponds to your MariaDB server version for the right syntax to use near '' at line 1
2024-12-10 20:28:36,POST,john_doe4,Provider User doesn't exist.
2024-12-10 20:28:36,GET,john_doe4,SQLSTATE[42S22]: Column not found: 1054 Unknown column 'john_doe4' in 'where clause'
2024-12-10 20:28:36,GET,john_doe4,SQLSTATE[42000]: Syntax error or access violation: 1064 You have an error in your SQL syntax; check the manual that corresponds to your MariaDB server version for the right syntax to use near '' at line 1
2024-12-10 20:28:36,POST,john_doe4,Provider User doesn't exist.
2024-12-10 20:28:46,GET,john_doe4,SQLSTATE[42S22]: Column not found: 1054 Unknown column 'john_doe4' in 'where clause'
2024-12-10 20:28:46,GET,john_doe4,SQLSTATE[42000]: Syntax error or access violation: 1064 You have an error in your SQL syntax; check the manual that corresponds to your MariaDB server version for the right syntax to use near '' at line 1
2024-12-10 20:28:46,POST,john_doe4,Provider User doesn't exist.
2024-12-10 20:28:47,GET,john_doe4,SQLSTATE[42S22]: Column not found: 1054 Unknown column 'john_doe4' in 'where clause'
2024-12-10 20:28:47,GET,john_doe4,SQLSTATE[42000]: Syntax error or access violation: 1064 You have an error in your SQL syntax; check the manual that corresponds to your MariaDB server version for the right syntax to use near '' at line 1
2024-12-10 20:28:47,POST,john_doe4,Provider User doesn't exist.
2024-12-10 20:28:47,GET,john_doe4,SQLSTATE[42S22]: Column not found: 1054 Unknown column 'john_doe4' in 'where clause'
2024-12-10 20:28:47,GET,john_doe4,SQLSTATE[42000]: Syntax error or access violation: 1064 You have an error in your SQL syntax; check the manual that corresponds to your MariaDB server version for the right syntax to use near '' at line 1
2024-12-10 20:28:47,POST,john_doe4,Provider User doesn't exist.
2024-12-10 20:28:48,GET,john_doe4,SQLSTATE[42S22]: Column not found: 1054 Unknown column 'john_doe4' in 'where clause'
2024-12-10 20:28:48,GET,john_doe4,SQLSTATE[42000]: Syntax error or access violation: 1064 You have an error in your SQL syntax; check the manual that corresponds to your MariaDB server version for the right syntax to use near '' at line 1
2024-12-10 20:28:48,POST,john_doe4,Provider User doesn't exist.
2024-12-10 20:28:48,GET,john_doe4,SQLSTATE[42S22]: Column not found: 1054 Unknown column 'john_doe4' in 'where clause'
2024-12-10 20:28:48,GET,john_doe4,SQLSTATE[42000]: Syntax error or access violation: 1064 You have an error in your SQL syntax; check the manual that corresponds to your MariaDB server version for the right syntax to use near '' at line 1
2024-12-10 20:28:48,POST,john_doe4,Provider User doesn't exist.
2024-12-10 20:29:17,GET,john_doe4,No data found
2024-12-10 20:29:17,POST,john_doe4,Provider User doesn't exist.
2024-12-10 20:29:17,GET,john_doe4,No data found
2024-12-10 20:29:17,POST,john_doe4,Provider User doesn't exist.
2024-12-10 20:29:18,GET,john_doe4,No data found
2024-12-10 20:29:18,POST,john_doe4,Provider User doesn't exist.
2024-12-10 20:29:38,GET,john_doe4,SQLSTATE[42000]: Syntax error or access violation: 1064 You have an error in your SQL syntax; check the manual that corresponds to your MariaDB server version for the right syntax to use near 'doe' at line 1
2024-12-10 20:29:38,POST,john_doe4,Provider User doesn't exist.
2024-12-10 20:29:38,GET,john_doe4,SQLSTATE[42000]: Syntax error or access violation: 1064 You have an error in your SQL syntax; check the manual that corresponds to your MariaDB server version for the right syntax to use near 'doe' at line 1
2024-12-10 20:29:38,POST,john_doe4,Provider User doesn't exist.
2024-12-10 20:29:39,GET,john_doe4,SQLSTATE[42000]: Syntax error or access violation: 1064 You have an error in your SQL syntax; check the manual that corresponds to your MariaDB server version for the right syntax to use near 'doe' at line 1
2024-12-10 20:29:39,POST,john_doe4,Provider User doesn't exist.
2024-12-10 20:29:53,POST,john_doe4,Successfully added to the records.
2024-12-10 20:30:41,GET,john_doe4,SQLSTATE[42000]: Syntax error or access violation: 1064 You have an error in your SQL syntax; check the manual that corresponds to your MariaDB server version for the right syntax to use near 'doe' at line 1
2024-12-10 20:30:41,GET,john_doe4,SQLSTATE[42000]: Syntax error or access violation: 1064 You have an error in your SQL syntax; check the manual that corresponds to your MariaDB server version for the right syntax to use near '' at line 1
2024-12-10 20:30:41,POST,john_doe4,Provider User doesn't exist.
2024-12-10 20:30:42,GET,john_doe4,SQLSTATE[42000]: Syntax error or access violation: 1064 You have an error in your SQL syntax; check the manual that corresponds to your MariaDB server version for the right syntax to use near 'doe' at line 1
2024-12-10 20:30:42,GET,john_doe4,SQLSTATE[42000]: Syntax error or access violation: 1064 You have an error in your SQL syntax; check the manual that corresponds to your MariaDB server version for the right syntax to use near '' at line 1
2024-12-10 20:30:42,POST,john_doe4,Provider User doesn't exist.
2024-12-10 20:30:42,GET,john_doe4,SQLSTATE[42000]: Syntax error or access violation: 1064 You have an error in your SQL syntax; check the manual that corresponds to your MariaDB server version for the right syntax to use near 'doe' at line 1
2024-12-10 20:30:42,GET,john_doe4,SQLSTATE[42000]: Syntax error or access violation: 1064 You have an error in your SQL syntax; check the manual that corresponds to your MariaDB server version for the right syntax to use near '' at line 1
2024-12-10 20:30:42,POST,john_doe4,Provider User doesn't exist.
2024-12-10 20:30:55,GET,john_doe4,SQLSTATE[42S22]: Column not found: 1054 Unknown column 'john_doe4' in 'where clause'
2024-12-10 20:30:55,GET,john_doe4,SQLSTATE[42000]: Syntax error or access violation: 1064 You have an error in your SQL syntax; check the manual that corresponds to your MariaDB server version for the right syntax to use near '' at line 1
2024-12-10 20:30:55,POST,john_doe4,Provider User doesn't exist.
2024-12-10 20:30:56,GET,john_doe4,SQLSTATE[42S22]: Column not found: 1054 Unknown column 'john_doe4' in 'where clause'
2024-12-10 20:30:56,GET,john_doe4,SQLSTATE[42000]: Syntax error or access violation: 1064 You have an error in your SQL syntax; check the manual that corresponds to your MariaDB server version for the right syntax to use near '' at line 1
2024-12-10 20:30:56,POST,john_doe4,Provider User doesn't exist.
2024-12-10 20:30:56,GET,john_doe4,SQLSTATE[42S22]: Column not found: 1054 Unknown column 'john_doe4' in 'where clause'
2024-12-10 20:30:56,GET,john_doe4,SQLSTATE[42000]: Syntax error or access violation: 1064 You have an error in your SQL syntax; check the manual that corresponds to your MariaDB server version for the right syntax to use near '' at line 1
2024-12-10 20:30:56,POST,john_doe4,Provider User doesn't exist.
2024-12-10 20:31:45,POST,john_doe4,Insufficient parameters.
2024-12-10 20:32:22,POST,john_doe4,Insufficient parameters.
2024-12-10 20:32:36,POST,john_doe4,Successfully added to the records.
2024-12-10 20:32:43,POST,john_doe4,Insufficient parameters.
2024-12-10 20:44:51,GET,john_doe4,Successfully retrieved user records.
2024-12-10 20:45:16,GET,john_doe4,No data found
2024-12-10 20:45:21,GET,john_doe4,No data found
2024-12-10 20:45:23,GET,john_doe4,No data found
2024-12-10 20:45:25,GET,john_doe4,No data found
2024-12-10 20:45:26,GET,john_doe4,No data found
2024-12-10 20:45:27,GET,john_doe4,No data found
2024-12-10 20:45:28,GET,john_doe4,Successfully retrieved user records.
2024-12-10 20:49:26,GET,john_doe4,No data found
2024-12-10 20:53:15,GET,john_doe4,Successfully retrieved user records.
2024-12-10 20:56:23,PATCH,john_doe4,User updated successfully.
2024-12-10 20:57:27,PATCH,john_doe4,No changes were made.
2024-12-10 20:58:47,PATCH,john_doe4,No changes were made.
2024-12-10 20:58:54,PATCH,john_doe4,User updated successfully.
2024-12-10 21:01:58,GET,john_doe4,Successfully retrieved user records.
2024-12-10 21:05:21,GET,john_doe4,Successfully retrieved services records.
2024-12-10 21:08:37,GET,john_doe4,No data found
2024-12-10 21:10:50,POST,john_doe4,Insufficient parameters.
2024-12-10 21:12:58,POST,john_doe4,Insufficient parameters.
2024-12-10 21:13:04,PATCH,john_doe4,No changes were made.
2024-12-10 21:13:27,PATCH,john_doe4,No changes were made.
2024-12-10 21:14:51,PATCH,john_doe4,No changes were made.
2024-12-10 21:14:56,PATCH,john_doe4,No changes were made.
2024-12-10 21:15:48,PATCH,john_doe4,Offer updated successfully.
2024-12-10 21:17:46,PATCH,john_doe4,No changes were made.
2024-12-10 21:21:47,PATCH,john_doe4,No changes were made.
2024-12-10 21:24:31,PATCH,john_doe4,Offer archived successfully.
2024-12-10 21:26:13,PATCH,john_doe4,No changes were made.
2024-12-10 21:27:44,PATCH,john_doe4,No changes were made.
2024-12-10 21:28:09,GET,john_doe4,Successfully retrieved requests records.
2024-12-10 21:28:52,GET,john_doe4,No data found
2024-12-10 21:28:58,GET,john_doe4,No data found
2024-12-10 21:29:21,GET,john_doe4,Successfully retrieved services records.
2024-12-10 21:31:57,GET,john_doe4,No data found
2024-12-10 21:32:09,GET,john_doe4,Successfully retrieved requests records.
2024-12-10 21:33:58,GET,john_doe4,Successfully retrieved requests records.
2024-12-10 21:34:58,GET,john_doe4,No data found
2024-12-10 21:37:26,PATCH,john_doe4,SQLSTATE[42S22]: Column not found: 1054 Unknown column 'offertitle' in 'field list'
2024-12-10 21:37:59,PATCH,john_doe4,Request updated successfully.
2024-12-10 21:38:44,PATCH,john_doe4,No changes were made.
2024-12-10 21:42:06,GET,john_doe4,SQLSTATE[42S02]: Base table or view not found: 1146 Table 'skilllink_db.transaction_tbl' doesn't exist
2024-12-10 21:42:23,GET,john_doe4,SQLSTATE[42S02]: Base table or view not found: 1146 Table 'skilllink_db.transaction_tbl' doesn't exist
2024-12-10 21:42:36,GET,john_doe4,SQLSTATE[42S02]: Base table or view not found: 1146 Table 'skilllink_db.transaction_tbl' doesn't exist
2024-12-10 21:43:13,GET,john_doe4,SQLSTATE[42S02]: Base table or view not found: 1146 Table 'skilllink_db.transaction_tbl' doesn't exist
2024-12-10 21:43:26,GET,john_doe4,SQLSTATE[42S02]: Base table or view not found: 1146 Table 'skilllink_db.transaction_tbl' doesn't exist
2024-12-10 21:43:47,GET,john_doe4,Successfully retrieved transaction records.
2024-12-10 21:43:52,GET,john_doe4,SQLSTATE[42S22]: Column not found: 1054 Unknown column 'transactionId' in 'where clause'
2024-12-10 21:43:55,GET,john_doe4,SQLSTATE[42S22]: Column not found: 1054 Unknown column 'transactionId' in 'where clause'
2024-12-10 21:43:58,GET,john_doe4,SQLSTATE[42S22]: Column not found: 1054 Unknown column 'transactionId' in 'where clause'
2024-12-10 21:44:00,GET,john_doe4,SQLSTATE[42S22]: Column not found: 1054 Unknown column 'transactionId' in 'where clause'
2024-12-10 21:44:23,GET,john_doe4,Successfully retrieved transaction records.
2024-12-10 21:44:27,GET,john_doe4,Successfully retrieved transaction records.
2024-12-10 21:44:37,GET,john_doe4,Successfully retrieved transaction records.
2024-12-10 21:48:26,POST,john_doe4,Insufficient parameters.
2024-12-10 21:49:00,GET,john_doe4,
2024-12-10 21:49:00,POST,john_doe4,Successfully added to the records.
2024-12-10 21:53:08,GET,john_doe4,No data found
2024-12-10 21:53:08,POST,john_doe4,User doesn't exist.
2024-12-10 21:54:50,GET,john_doe4,No data found
2024-12-10 21:54:50,POST,john_doe4,User doesn't exist.
2024-12-10 21:55:02,POST,john_doe4,Insufficient parameters.
2024-12-10 21:57:08,PATCH,john_doe4,SQLSTATE[42S02]: Base table or view not found: 1146 Table 'skilllink_db.transaction_tbl' doesn't exist
2024-12-10 21:57:27,PATCH,john_doe4,SQLSTATE[42S02]: Base table or view not found: 1146 Table 'skilllink_db.transaction_tbl' doesn't exist
2024-12-10 21:58:04,PATCH,john_doe4,Transaction updated successfully.
2024-12-10 21:59:04,PATCH,john_doe4,SQLSTATE[23000]: Integrity constraint violation: 1452 Cannot add or update a child row: a foreign key constraint fails (`skilllink_db`.`transactions_tbl`, CONSTRAINT `transactions_tbl_ibfk_1` FOREIGN KEY (`user_id`) REFERENCES `balance_tbl` (`userId`) ON DELETE CASCADE)
2024-12-10 22:04:11,GET,john_doe4,Successfully retrieved balance records.
2024-12-10 22:04:18,GET,john_doe4,Successfully retrieved balance records.
2024-12-10 22:05:31,GET,john_doe4,No data found
2024-12-10 22:11:07,GET,john_doe4,No data found
2024-12-10 22:11:17,GET,john_doe4,No data found
2024-12-10 22:14:11,POST,john_doe4,Transaction Created Successfully.
2024-12-10 22:14:11,GET,john_doe4,Successfully retrieved balance.
2024-12-10 22:14:11,PATCH,john_doe4,Successfully deposited.
2024-12-10 22:15:38,POST,john_doe4,SQLSTATE[23000]: Integrity constraint violation: 1452 Cannot add or update a child row: a foreign key constraint fails (`skilllink_db`.`transactions_tbl`, CONSTRAINT `transactions_tbl_ibfk_1` FOREIGN KEY (`user_id`) REFERENCES `balance_tbl` (`userId`) ON DELETE CASCADE)
2024-12-10 22:15:38,GET,john_doe4,No data found
2024-12-10 22:15:38,PATCH,john_doe4,No changes were made.
2024-12-10 22:57:50,POST,john_doe4,SQLSTATE[23000]: Integrity constraint violation: 1452 Cannot add or update a child row: a foreign key constraint fails (`skilllink_db`.`transactions_tbl`, CONSTRAINT `transactions_tbl_ibfk_1` FOREIGN KEY (`user_id`) REFERENCES `balance_tbl` (`userId`) ON DELETE CASCADE)
2024-12-10 22:57:50,GET,john_doe4,No data found
2024-12-10 22:57:50,PATCH,john_doe4,No changes were made.
2024-12-10 22:57:56,POST,john_doe4,SQLSTATE[23000]: Integrity constraint violation: 1048 Column 'amount' cannot be null
2024-12-10 22:57:56,PATCH,john_doe4,Invalid transfer amount.
2024-12-10 22:58:02,POST,john_doe4,SQLSTATE[23000]: Integrity constraint violation: 1452 Cannot add or update a child row: a foreign key constraint fails (`skilllink_db`.`transactions_tbl`, CONSTRAINT `transactions_tbl_ibfk_1` FOREIGN KEY (`user_id`) REFERENCES `balance_tbl` (`userId`) ON DELETE CASCADE)
2024-12-10 22:58:02,GET,john_doe4,No data found
2024-12-10 22:58:02,PATCH,john_doe4,No changes were made.
2024-12-10 22:58:23,POST,john_doe4,Transaction Created Successfully.
2024-12-10 22:58:23,GET,john_doe4,Successfully retrieved balance.
2024-12-10 22:58:23,PATCH,john_doe4,Successfully deposited.
2024-12-10 22:58:27,POST,john_doe4,SQLSTATE[23000]: Integrity constraint violation: 1048 Column 'amount' cannot be null
2024-12-10 22:58:27,PATCH,john_doe4,Invalid transfer amount.
2024-12-10 22:59:49,POST,john_doe4,Transaction Created Successfully.
2024-12-10 22:59:49,PATCH,john_doe4,Invalid transfer amount.
2024-12-10 22:59:54,POST,john_doe4,Transaction Created Successfully.
2024-12-10 22:59:54,GET,john_doe4,Successfully retrieved balance.
2024-12-10 22:59:54,PATCH,john_doe4,Successfully withdrew.
2024-12-10 23:01:34,PATCH,john_doe4,Missing required fields.
2024-12-10 23:01:43,PATCH,john_doe4,Missing required fields.
2024-12-10 23:01:53,PATCH,john_doe4,Missing required fields.
2024-12-10 23:01:54,PATCH,john_doe4,Missing required fields.
2024-12-10 23:01:55,PATCH,john_doe4,Missing required fields.
2024-12-10 23:02:06,PATCH,john_doe4,Missing required fields.
2024-12-10 23:02:20,PATCH,john_doe4,Missing required fields.
2024-12-10 23:02:21,PATCH,john_doe4,Missing required fields.
2024-12-10 23:02:31,PATCH,john_doe4,Missing required fields.
2024-12-10 23:02:31,PATCH,john_doe4,Missing required fields.
2024-12-10 23:02:56,GET,john_doe4,Successfully retrieved balance.
2024-12-10 23:02:56,GET,john_doe4,Successfully retrieved balance.
2024-12-10 23:02:56,PATCH,john_doe4,Successfully deducted balance.
2024-12-10 23:02:56,POST,john_doe4,Transaction Created Successfully.
2024-12-10 23:02:56,GET,john_doe4,Successfully retrieved balance.
2024-12-10 23:02:56,PATCH,john_doe4,Successfully added balance.
2024-12-10 23:02:56,POST,john_doe4,Transaction Created Successfully.
2024-12-10 23:02:56,PATCH,john_doe4,Transfer completed.
2024-12-10 23:03:56,PATCH,john_doe4,Invalid transfer amount.
2024-12-10 23:05:55,GET,john_doe4,Successfully retrieved balance records.
2024-12-10 23:11:13,GET,john_doe4,No data found
2024-12-10 23:13:21,GET,john_doe4,Successfully retrieved balance records.
2024-12-10 23:17:24,GET,john_doe4,No data found
2024-12-10 23:17:48,GET,john_doe4,No data found
2024-12-10 23:17:57,GET,john_doe4,No data found
2024-12-10 23:17:58,GET,john_doe4,Successfully retrieved balance records.
2024-12-10 23:18:03,PATCH,john_doe4,Booking updated successfully.
2024-12-10 23:20:31,POST,john_doe4,SQLSTATE[23000]: Integrity constraint violation: 1062 Duplicate entry '2' for key 'PRIMARY'
2024-12-10 23:20:38,POST,john_doe4,Successfully added to the bookings.
2024-12-10 23:29:32,POST,john_doe4,Insufficient parameters.
2024-12-10 23:29:38,POST,john_doe4,Insufficient parameters.
2024-12-10 23:29:51,GET,john_doe4,SQLSTATE[42000]: Syntax error or access violation: 1064 You have an error in your SQL syntax; check the manual that corresponds to your MariaDB server version for the right syntax to use near 'Doe' at line 1
2024-12-10 23:29:51,POST,john_doe4,Provider User doesn't exist.
2024-12-10 23:30:25,GET,john_doe4,SQLSTATE[42000]: Syntax error or access violation: 1064 You have an error in your SQL syntax; check the manual that corresponds to your MariaDB server version for the right syntax to use near 'Doe' at line 1
2024-12-10 23:30:25,POST,john_doe4,Provider User doesn't exist.
2024-12-10 23:30:33,GET,john_doe4,SQLSTATE[42S22]: Column not found: 1054 Unknown column 'john_doe4' in 'where clause'
2024-12-10 23:30:33,POST,john_doe4,Provider User doesn't exist.
2024-12-10 23:30:35,GET,john_doe4,SQLSTATE[42S22]: Column not found: 1054 Unknown column 'john_doe4' in 'where clause'
2024-12-10 23:30:35,POST,john_doe4,Provider User doesn't exist.
2024-12-10 23:30:36,GET,john_doe4,SQLSTATE[42S22]: Column not found: 1054 Unknown column 'john_doe4' in 'where clause'
2024-12-10 23:30:36,POST,john_doe4,Provider User doesn't exist.
2024-12-10 23:30:36,GET,john_doe4,SQLSTATE[42S22]: Column not found: 1054 Unknown column 'john_doe4' in 'where clause'
2024-12-10 23:30:36,POST,john_doe4,Provider User doesn't exist.
2024-12-10 23:31:12,GET,john_doe4,SQLSTATE[42S22]: Column not found: 1054 Unknown column 'john_doe4' in 'where clause'
2024-12-10 23:31:12,POST,john_doe4,Provider User doesn't exist.
2024-12-10 23:31:12,GET,john_doe4,SQLSTATE[42S22]: Column not found: 1054 Unknown column 'john_doe4' in 'where clause'
2024-12-10 23:31:12,POST,john_doe4,Provider User doesn't exist.
2024-12-10 23:31:13,GET,john_doe4,SQLSTATE[42S22]: Column not found: 1054 Unknown column 'john_doe4' in 'where clause'
2024-12-10 23:31:13,POST,john_doe4,Provider User doesn't exist.
2024-12-10 23:31:14,GET,john_doe4,SQLSTATE[42S22]: Column not found: 1054 Unknown column 'john_doe4' in 'where clause'
2024-12-10 23:31:14,POST,john_doe4,Provider User doesn't exist.
2024-12-10 23:31:18,GET,john_doe4,SQLSTATE[42S22]: Column not found: 1054 Unknown column 'john_doe4' in 'where clause'
2024-12-10 23:31:18,POST,john_doe4,Provider User doesn't exist.
2024-12-10 23:31:19,GET,john_doe4,SQLSTATE[42S22]: Column not found: 1054 Unknown column 'john_doe4' in 'where clause'
2024-12-10 23:31:19,POST,john_doe4,Provider User doesn't exist.
2024-12-10 23:31:35,GET,john_doe4,SQLSTATE[42S22]: Column not found: 1054 Unknown column 'john_doe4' in 'where clause'
2024-12-10 23:31:35,POST,john_doe4,Provider User doesn't exist.
2024-12-10 23:31:52,GET,john_doe4,SQLSTATE[42S22]: Column not found: 1054 Unknown column 'john_doe4' in 'where clause'
2024-12-10 23:31:52,POST,john_doe4,Provider User doesn't exist.
2024-12-10 23:31:53,GET,john_doe4,SQLSTATE[42S22]: Column not found: 1054 Unknown column 'john_doe4' in 'where clause'
2024-12-10 23:31:53,POST,john_doe4,Provider User doesn't exist.
2024-12-10 23:31:53,GET,john_doe4,SQLSTATE[42S22]: Column not found: 1054 Unknown column 'john_doe4' in 'where clause'
2024-12-10 23:31:53,POST,john_doe4,Provider User doesn't exist.
2024-12-10 23:31:53,GET,john_doe4,SQLSTATE[42S22]: Column not found: 1054 Unknown column 'john_doe4' in 'where clause'
2024-12-10 23:31:53,POST,john_doe4,Provider User doesn't exist.
2024-12-10 23:33:10,GET,john_doe4,SQLSTATE[42S22]: Column not found: 1054 Unknown column 'john_doe4' in 'where clause'
2024-12-10 23:33:10,POST,john_doe4,Provider User doesn't exist.
2024-12-10 23:33:11,GET,john_doe4,SQLSTATE[42S22]: Column not found: 1054 Unknown column 'john_doe4' in 'where clause'
2024-12-10 23:33:11,POST,john_doe4,Provider User doesn't exist.
2024-12-10 23:33:12,GET,john_doe4,SQLSTATE[42S22]: Column not found: 1054 Unknown column 'john_doe4' in 'where clause'
2024-12-10 23:33:12,POST,john_doe4,Provider User doesn't exist.
2024-12-10 23:33:57,GET,john_doe4,SQLSTATE[42S22]: Column not found: 1054 Unknown column 'john_doe41' in 'where clause'
2024-12-10 23:33:57,POST,john_doe4,Provider User doesn't exist.
2024-12-10 23:33:58,GET,john_doe4,SQLSTATE[42S22]: Column not found: 1054 Unknown column 'john_doe41' in 'where clause'
2024-12-10 23:33:58,POST,john_doe4,Provider User doesn't exist.
2024-12-10 23:34:22,GET,john_doe4,SQLSTATE[42S22]: Column not found: 1054 Unknown column 'john_doe41' in 'where clause'
2024-12-10 23:34:22,POST,john_doe4,Provider User doesn't exist.
2024-12-10 23:34:35,GET,john_doe4,SQLSTATE[42S22]: Column not found: 1054 Unknown column 'john_doe41' in 'where clause'
2024-12-10 23:34:35,POST,john_doe4,Provider User doesn't exist.
2024-12-10 23:35:43,GET,john_doe4,SQLSTATE[42S22]: Column not found: 1054 Unknown column 'john_doe41' in 'where clause'
2024-12-10 23:35:43,POST,john_doe4,Provider User doesn't exist.
2024-12-10 23:36:05,GET,john_doe4,SQLSTATE[42S22]: Column not found: 1054 Unknown column 'john_doe41' in 'where clause'
2024-12-10 23:36:05,POST,john_doe4,Provider User doesn't exist.
2024-12-10 23:36:45,GET,john_doe4,Successfully retrieved services records.
2024-12-10 23:37:42,GET,john_doe4,Successfully retrieved services records.
2024-12-10 23:37:43,GET,john_doe4,Successfully retrieved services records.
2024-12-10 23:37:43,GET,john_doe4,Successfully retrieved services records.
2024-12-10 23:37:44,GET,john_doe4,Successfully retrieved services records.
2024-12-10 23:37:44,GET,john_doe4,Successfully retrieved services records.
2024-12-10 23:37:54,GET,john_doe4,SQLSTATE[42S22]: Column not found: 1054 Unknown column 'john_doe41' in 'where clause'
2024-12-10 23:37:54,POST,john_doe4,Provider User doesn't exist.
2024-12-10 23:39:03,GET,john_doe4,SQLSTATE[42S22]: Column not found: 1054 Unknown column 'john_doe4' in 'where clause'
2024-12-10 23:39:03,POST,john_doe4,Provider User doesn't exist.
2024-12-10 23:39:04,GET,john_doe4,SQLSTATE[42S22]: Column not found: 1054 Unknown column 'john_doe4' in 'where clause'
2024-12-10 23:39:04,POST,john_doe4,Provider User doesn't exist.
2024-12-10 23:39:05,GET,john_doe4,SQLSTATE[42S22]: Column not found: 1054 Unknown column 'john_doe4' in 'where clause'
2024-12-10 23:39:05,POST,john_doe4,Provider User doesn't exist.
2024-12-10 23:39:05,GET,john_doe4,SQLSTATE[42S22]: Column not found: 1054 Unknown column 'john_doe4' in 'where clause'
2024-12-10 23:39:05,POST,john_doe4,Provider User doesn't exist.
2024-12-10 23:39:06,GET,john_doe4,SQLSTATE[42S22]: Column not found: 1054 Unknown column 'john_doe4' in 'where clause'
2024-12-10 23:39:06,POST,john_doe4,Provider User doesn't exist.
2024-12-10 23:42:23,GET,john_doe4,SQLSTATE[42S22]: Column not found: 1054 Unknown column 'john_doe4' in 'where clause'
2024-12-10 23:42:23,POST,john_doe4,Provider User doesn't exist.
2024-12-10 23:42:37,GET,john_doe4,SQLSTATE[42S22]: Column not found: 1054 Unknown column 'john_doe4' in 'where clause'
2024-12-10 23:42:37,POST,john_doe4,Provider User doesn't exist.
2024-12-10 23:42:38,GET,john_doe4,SQLSTATE[42S22]: Column not found: 1054 Unknown column 'john_doe4' in 'where clause'
2024-12-10 23:42:38,POST,john_doe4,Provider User doesn't exist.
2024-12-10 23:42:38,GET,john_doe4,SQLSTATE[42S22]: Column not found: 1054 Unknown column 'john_doe4' in 'where clause'
2024-12-10 23:42:38,POST,john_doe4,Provider User doesn't exist.
2024-12-10 23:42:38,GET,john_doe4,SQLSTATE[42S22]: Column not found: 1054 Unknown column 'john_doe4' in 'where clause'
2024-12-10 23:42:38,POST,john_doe4,Provider User doesn't exist.
2024-12-10 23:42:39,GET,john_doe4,SQLSTATE[42S22]: Column not found: 1054 Unknown column 'john_doe4' in 'where clause'
2024-12-10 23:42:39,POST,john_doe4,Provider User doesn't exist.
2024-12-10 23:42:49,GET,john_doe4,
2024-12-10 23:42:49,POST,john_doe4,Successfully added to the records.
2024-12-10 23:46:25,GET,john_doe4,
2024-12-10 23:46:25,POST,john_doe4,Successfully added to the records.
2024-12-10 23:46:56,GET,john_doe4,
2024-12-10 23:46:56,POST,john_doe4,Successfully added to the records.
2024-12-10 23:47:01,GET,john_doe4,No data found
2024-12-10 23:47:01,POST,john_doe4,Provider User doesn't exist.
2024-12-10 23:47:17,GET,john_doe4,No data found
2024-12-10 23:47:17,POST,john_doe4,Provider User doesn't exist.
2024-12-10 23:47:25,GET,john_doe4,No data found
2024-12-10 23:47:25,POST,john_doe4,Provider User doesn't exist.
2024-12-10 23:47:39,GET,john_doe4,No data found
2024-12-10 23:47:39,POST,john_doe4,Provider User doesn't exist.
2024-12-10 23:48:33,GET,john_doe4,
2024-12-10 23:48:33,POST,john_doe4,SQLSTATE[42S22]: Column not found: 1054 Unknown column 'providerUser' in 'field list'
2024-12-10 23:48:39,GET,john_doe4,
2024-12-10 23:48:39,POST,john_doe4,Successfully added to the records.
2024-12-10 23:48:48,GET,john_doe4,
2024-12-10 23:48:48,POST,john_doe4,Successfully added to the records.
2024-12-10 23:48:53,GET,john_doe4,
2024-12-10 23:48:53,POST,john_doe4,Successfully added to the records.
2024-12-10 23:49:33,GET,john_doe4,No data found
2024-12-10 23:49:33,POST,john_doe4,Provider User doesn't exist.
2024-12-10 23:49:34,GET,john_doe4,No data found
2024-12-10 23:49:34,POST,john_doe4,Provider User doesn't exist.
2024-12-10 23:49:35,GET,john_doe4,No data found
2024-12-10 23:49:35,POST,john_doe4,Provider User doesn't exist.
2024-12-10 23:49:35,GET,john_doe4,No data found
2024-12-10 23:49:35,POST,john_doe4,Provider User doesn't exist.
2024-12-10 23:49:37,GET,john_doe4,No data found
2024-12-10 23:49:37,POST,john_doe4,Provider User doesn't exist.
2024-12-10 23:49:37,GET,john_doe4,No data found
2024-12-10 23:49:37,POST,john_doe4,Provider User doesn't exist.
2024-12-10 23:49:38,GET,john_doe4,No data found
2024-12-10 23:49:38,POST,john_doe4,Provider User doesn't exist.
2024-12-10 23:49:39,GET,john_doe4,No data found
2024-12-10 23:49:39,POST,john_doe4,Provider User doesn't exist.
2024-12-10 23:49:53,POST,john_doe4,Insufficient parameters.
2024-12-10 23:49:53,POST,john_doe4,Insufficient parameters.
2024-12-10 23:49:54,POST,john_doe4,Insufficient parameters.
2024-12-10 23:49:54,POST,john_doe4,Insufficient parameters.
2024-12-10 23:50:00,GET,john_doe4,
2024-12-10 23:50:00,POST,john_doe4,Successfully added to the records.
2024-12-10 23:50:01,GET,john_doe4,
2024-12-10 23:50:01,POST,john_doe4,Successfully added to the records.
2024-12-10 23:50:01,GET,john_doe4,
2024-12-10 23:50:01,POST,john_doe4,Successfully added to the records.
2024-12-10 23:50:24,GET,john_doe4,
2024-12-10 23:50:24,POST,john_doe4,Successfully added to the records.
