2024-12-21 01:02:58,GET,john_doe4,Successfully retrieved user records.
2024-12-21 01:02:59,GET,john_doe4,Successfully retrieved user records.
2024-12-21 01:02:59,GET,john_doe4,Successfully retrieved user records.
2024-12-21 01:03:01,GET,john_doe4,Successfully retrieved user records.
2024-12-21 01:03:02,GET,john_doe4,Successfully retrieved user records.
2024-12-21 01:03:09,GET,john_doe4,Successfully retrieved user records.
2024-12-21 01:03:38,GET,john_doe4,No data found
2024-12-21 01:03:39,GET,john_doe4,No data found
2024-12-21 01:03:41,GET,john_doe4,Successfully retrieved user records.
2024-12-21 01:04:14,GET,john_doe4,Successfully retrieved user records.
2024-12-21 01:04:15,GET,john_doe4,Successfully retrieved user records.
2024-12-21 01:04:15,GET,john_doe4,Successfully retrieved user records.
2024-12-21 01:04:17,GET,john_doe4,Successfully retrieved user records.
2024-12-21 01:04:46,GET,john_doe4,Successfully retrieved transaction records.
2024-12-21 01:04:52,GET,john_doe4,Successfully retrieved transaction records.
2024-12-21 01:04:52,GET,john_doe4,Successfully retrieved transaction records.
2024-12-21 01:04:53,GET,john_doe4,Successfully retrieved transaction records.
2024-12-21 01:04:54,GET,john_doe4,Successfully retrieved transaction records.
2024-12-21 01:04:55,GET,john_doe4,Successfully retrieved transaction records.
2024-12-21 01:04:55,GET,john_doe4,Successfully retrieved transaction records.
2024-12-21 01:05:15,GET,john_doe4,Successfully retrieved transaction records.
2024-12-21 01:05:17,GET,john_doe4,Successfully retrieved transaction records.
2024-12-21 01:05:59,GET,john_doe4,Successfully retrieved transaction records.
2024-12-21 01:06:02,GET,john_doe4,Successfully retrieved transaction records.
2024-12-21 01:06:07,GET,john_doe4,Successfully retrieved review records.
2024-12-21 01:06:08,GET,john_doe4,Successfully retrieved review records.
2024-12-21 01:06:15,GET,john_doe4,Successfully retrieved review records.
2024-12-21 01:06:16,GET,john_doe4,Successfully retrieved review records.
2024-12-21 01:06:16,GET,john_doe4,Successfully retrieved review records.
2024-12-21 01:06:17,GET,john_doe4,Successfully retrieved review records.
2024-12-21 01:06:20,GET,john_doe4,Successfully retrieved review records.
2024-12-21 01:06:21,GET,john_doe4,Successfully retrieved review records.
2024-12-21 08:47:07,GET,john_doe4,Successfully retrieved message records.
2024-12-21 08:47:17,GET,john_doe4,SQLSTATE[42S22]: Column not found: 1054 Unknown column 'messages' in 'where clause'
2024-12-21 08:47:52,GET,john_doe4,SQLSTATE[42S22]: Column not found: 1054 Unknown column 'fdghfg' in 'where clause'
2024-12-21 08:47:55,GET,john_doe4,No data found
2024-12-21 08:47:56,GET,john_doe4,No data found
2024-12-21 08:48:11,GET,john_doe4,Successfully retrieved user records.
2024-12-21 08:48:12,GET,john_doe4,Successfully retrieved user records.
2024-12-21 09:08:50,POST,john_doe4,Insufficient parameters.
2024-12-21 09:08:52,POST,john_doe4,Insufficient parameters.
2024-12-21 09:08:52,POST,john_doe4,Insufficient parameters.
2024-12-21 09:09:13,POST,john_doe4,Insufficient parameters.
2024-12-21 09:09:14,POST,john_doe4,Insufficient parameters.
2024-12-21 09:09:14,POST,john_doe4,Insufficient parameters.
2024-12-21 09:09:26,POST,john_doe4,Insufficient parameters.
2024-12-21 09:09:26,POST,john_doe4,Insufficient parameters.
2024-12-21 09:09:26,POST,john_doe4,Insufficient parameters.
2024-12-21 09:09:27,POST,john_doe4,Insufficient parameters.
2024-12-21 09:09:27,POST,john_doe4,Insufficient parameters.
2024-12-21 09:09:28,POST,john_doe4,Insufficient parameters.
2024-12-21 09:09:28,POST,john_doe4,Insufficient parameters.
2024-12-21 09:09:28,POST,john_doe4,Insufficient parameters.
2024-12-21 09:10:02,GET,john_doe4,
2024-12-21 09:10:02,POST,john_doe4,Insufficient parameters.
2024-12-21 09:10:34,POST,john_doe4,Insufficient parameters.
2024-12-21 09:10:34,POST,john_doe4,Insufficient parameters.
2024-12-21 09:10:35,POST,john_doe4,Insufficient parameters.
2024-12-21 09:10:36,POST,john_doe4,Insufficient parameters.
2024-12-21 09:10:36,POST,john_doe4,Insufficient parameters.
2024-12-21 09:10:37,POST,john_doe4,Insufficient parameters.
2024-12-21 09:10:37,POST,john_doe4,Insufficient parameters.
2024-12-21 09:10:44,POST,john_doe4,Insufficient parameters.
2024-12-21 09:10:45,POST,john_doe4,Insufficient parameters.
2024-12-21 09:10:45,POST,john_doe4,Insufficient parameters.
2024-12-21 09:10:46,POST,john_doe4,Insufficient parameters.
2024-12-21 09:10:47,POST,john_doe4,Insufficient parameters.
2024-12-21 09:10:47,POST,john_doe4,Insufficient parameters.
2024-12-21 09:10:48,POST,john_doe4,Insufficient parameters.
2024-12-21 09:10:48,POST,john_doe4,Insufficient parameters.
2024-12-21 09:10:48,POST,john_doe4,Insufficient parameters.
2024-12-21 09:10:49,POST,john_doe4,Insufficient parameters.
2024-12-21 09:10:50,POST,john_doe4,Insufficient parameters.
2024-12-21 09:11:04,GET,john_doe4,
2024-12-21 09:11:04,POST,john_doe4,Successfully created a request.
2024-12-21 09:11:06,GET,john_doe4,
2024-12-21 09:11:06,POST,john_doe4,Successfully created a request.
2024-12-21 09:11:07,GET,john_doe4,
2024-12-21 09:11:07,POST,john_doe4,Successfully created a request.
2024-12-21 09:11:08,GET,john_doe4,
2024-12-21 09:11:08,POST,john_doe4,Successfully created a request.
2024-12-21 09:11:08,GET,john_doe4,
2024-12-21 09:11:08,POST,john_doe4,Successfully created a request.
2024-12-21 09:11:09,GET,john_doe4,
2024-12-21 09:11:09,POST,john_doe4,Successfully created a request.
2024-12-21 09:11:09,GET,john_doe4,
2024-12-21 09:11:09,POST,john_doe4,Successfully created a request.
2024-12-21 09:11:36,GET,john_doe4,
2024-12-21 09:11:36,GET,john_doe4,No data found
2024-12-21 09:11:36,POST,john_doe4,Sekker User doesn't exist.
2024-12-21 09:11:36,GET,john_doe4,
2024-12-21 09:11:36,GET,john_doe4,No data found
2024-12-21 09:11:36,POST,john_doe4,Sekker User doesn't exist.
2024-12-21 09:11:37,GET,john_doe4,
2024-12-21 09:11:37,GET,john_doe4,No data found
2024-12-21 09:11:37,POST,john_doe4,Sekker User doesn't exist.
2024-12-21 09:11:37,GET,john_doe4,
2024-12-21 09:11:37,GET,john_doe4,No data found
2024-12-21 09:11:37,POST,john_doe4,Sekker User doesn't exist.
2024-12-21 09:11:38,GET,john_doe4,
2024-12-21 09:11:38,GET,john_doe4,No data found
2024-12-21 09:11:38,POST,john_doe4,Sekker User doesn't exist.
2024-12-21 09:11:38,GET,john_doe4,
2024-12-21 09:11:38,GET,john_doe4,No data found
2024-12-21 09:11:38,POST,john_doe4,Sekker User doesn't exist.
2024-12-21 09:11:39,GET,john_doe4,
2024-12-21 09:11:39,GET,john_doe4,No data found
2024-12-21 09:11:39,POST,john_doe4,Sekker User doesn't exist.
2024-12-21 09:12:08,GET,john_doe4,
2024-12-21 09:12:08,GET,john_doe4,No data found
2024-12-21 09:12:08,POST,john_doe4,Seeker User doesn't exist.
2024-12-21 09:12:34,GET,john_doe4,
2024-12-21 09:12:34,GET,john_doe4,No data found
2024-12-21 09:12:34,POST,john_doe4,Seeker User doesn't exist.
2024-12-21 09:12:34,GET,john_doe4,
2024-12-21 09:12:34,GET,john_doe4,No data found
2024-12-21 09:12:34,POST,john_doe4,Seeker User doesn't exist.
2024-12-21 09:12:36,GET,john_doe4,
2024-12-21 09:12:36,GET,john_doe4,No data found
2024-12-21 09:12:36,POST,john_doe4,Seeker User doesn't exist.
2024-12-21 09:12:36,GET,john_doe4,
2024-12-21 09:12:36,GET,john_doe4,No data found
2024-12-21 09:12:36,POST,john_doe4,Seeker User doesn't exist.
2024-12-21 09:12:37,GET,john_doe4,
2024-12-21 09:12:37,GET,john_doe4,No data found
2024-12-21 09:12:37,POST,john_doe4,Seeker User doesn't exist.
2024-12-21 09:12:37,GET,john_doe4,
2024-12-21 09:12:37,GET,john_doe4,No data found
2024-12-21 09:12:37,POST,john_doe4,Seeker User doesn't exist.
2024-12-21 09:12:38,GET,john_doe4,
2024-12-21 09:12:38,GET,john_doe4,No data found
2024-12-21 09:12:38,POST,john_doe4,Seeker User doesn't exist.
2024-12-21 09:12:38,GET,john_doe4,
2024-12-21 09:12:38,GET,john_doe4,No data found
2024-12-21 09:12:38,POST,john_doe4,Seeker User doesn't exist.
2024-12-21 09:12:39,GET,john_doe4,
2024-12-21 09:12:39,GET,john_doe4,No data found
2024-12-21 09:12:39,POST,john_doe4,Seeker User doesn't exist.
2024-12-21 09:12:46,GET,john_doe4,
2024-12-21 09:12:46,GET,john_doe4,No data found
2024-12-21 09:12:46,POST,john_doe4,Seeker User doesn't exist.
2024-12-21 09:12:47,GET,john_doe4,
2024-12-21 09:12:47,GET,john_doe4,No data found
2024-12-21 09:12:47,POST,john_doe4,Seeker User doesn't exist.
2024-12-21 09:12:47,GET,john_doe4,
2024-12-21 09:12:47,GET,john_doe4,No data found
2024-12-21 09:12:47,POST,john_doe4,Seeker User doesn't exist.
2024-12-21 09:13:16,GET,john_doe4,
2024-12-21 09:13:16,GET,john_doe4,No data found
2024-12-21 09:13:16,POST,john_doe4,Seeker User doesn't exist.
2024-12-21 09:15:27,GET,john_doe4,
2024-12-21 09:15:27,GET,john_doe4,
2024-12-21 09:15:28,POST,john_doe4,Successfully created a request.
2024-12-21 09:15:29,GET,john_doe4,
2024-12-21 09:15:29,GET,john_doe4,
2024-12-21 09:15:29,POST,john_doe4,Successfully created a request.
2024-12-21 09:15:29,GET,john_doe4,
2024-12-21 09:15:29,GET,john_doe4,
2024-12-21 09:15:29,POST,john_doe4,Successfully created a request.
2024-12-21 09:15:33,GET,john_doe4,
2024-12-21 09:15:33,GET,john_doe4,
2024-12-21 09:15:33,POST,john_doe4,Successfully created a request.
2024-12-21 09:15:58,GET,john_doe4,
2024-12-21 09:15:58,POST,john_doe4,Insufficient parameters.
2024-12-21 09:16:04,GET,john_doe4,
2024-12-21 09:16:04,GET,john_doe4,
2024-12-21 09:16:04,POST,john_doe4,Successfully created an offer.
2024-12-21 09:16:05,GET,john_doe4,
2024-12-21 09:16:05,GET,john_doe4,
2024-12-21 09:16:05,POST,john_doe4,Successfully created an offer.
2024-12-21 09:16:05,GET,john_doe4,
2024-12-21 09:16:05,GET,john_doe4,
2024-12-21 09:16:05,POST,john_doe4,Successfully created an offer.
2024-12-21 09:16:06,GET,john_doe4,
2024-12-21 09:16:06,GET,john_doe4,
2024-12-21 09:16:06,POST,john_doe4,Successfully created an offer.
2024-12-21 09:37:32,GET,john_doe4,
2024-12-21 09:37:32,GET,john_doe4,
2024-12-21 09:37:32,POST,john_doe4,Successfully created an offer.
2024-12-21 09:37:42,GET,john_doe4,
2024-12-21 09:37:42,GET,john_doe4,
2024-12-21 09:37:42,POST,john_doe4,Successfully created an offer.
2024-12-21 09:41:36,GET,john_doe4,
2024-12-21 09:41:36,POST,john_doe4,Insufficient parameters.
2024-12-21 09:42:09,GET,john_doe4,
2024-12-21 09:42:09,GET,john_doe4,No data found
2024-12-21 09:42:09,POST,john_doe4,User doesn't exist.
2024-12-21 09:42:10,GET,john_doe4,
2024-12-21 09:42:10,GET,john_doe4,No data found
2024-12-21 09:42:10,POST,john_doe4,User doesn't exist.
2024-12-21 09:42:11,GET,john_doe4,
2024-12-21 09:42:11,GET,john_doe4,No data found
2024-12-21 09:42:11,POST,john_doe4,User doesn't exist.
2024-12-21 09:42:16,GET,john_doe4,
2024-12-21 09:42:16,GET,john_doe4,No data found
2024-12-21 09:42:16,POST,john_doe4,Offer doesn't exist.
2024-12-21 09:42:17,GET,john_doe4,
2024-12-21 09:42:17,GET,john_doe4,No data found
2024-12-21 09:42:17,POST,john_doe4,Offer doesn't exist.
2024-12-21 09:42:17,GET,john_doe4,
2024-12-21 09:42:17,GET,john_doe4,No data found
2024-12-21 09:42:17,POST,john_doe4,Offer doesn't exist.
2024-12-21 12:13:50,GET,john_doe4,Successfully retrieved user records.
2024-12-21 12:13:53,GET,john_doe4,No data found
2024-12-21 12:13:55,GET,john_doe4,Successfully retrieved user records.
2024-12-21 12:14:12,GET,john_doe4,Successfully retrieved services records.
2024-12-21 12:14:13,GET,john_doe4,Successfully retrieved services records.
2024-12-21 12:19:23,GET,john_doe4,Successfully retrieved transaction records.
2024-12-21 12:19:24,GET,john_doe4,Successfully retrieved transaction records.
2024-12-21 12:19:44,GET,john_doe4,Successfully retrieved transaction records.
2024-12-21 12:19:45,GET,john_doe4,Successfully retrieved transaction records.
2024-12-21 12:19:45,GET,john_doe4,Successfully retrieved transaction records.
2024-12-21 12:19:46,GET,john_doe4,Successfully retrieved transaction records.
2024-12-21 12:19:46,GET,john_doe4,Successfully retrieved transaction records.
2024-12-21 12:19:47,GET,john_doe4,Successfully retrieved transaction records.
2024-12-21 12:19:47,GET,john_doe4,Successfully retrieved transaction records.
2024-12-21 12:39:59,GET,john_doe4,Successfully retrieved services records.
2024-12-21 12:40:05,GET,john_doe4,Successfully retrieved requests records.
2024-12-21 21:14:54,GET,john_doe4,
2024-12-21 21:14:54,GET,john_doe4,
2024-12-21 21:33:36,GET,john_doe4,SQLSTATE[42S22]: Column not found: 1054 Unknown column 'register' in 'where clause'
2024-12-21 21:33:51,GET,john_doe4,Successfully retrieved user records.
2024-12-21 21:33:54,GET,john_doe4,SQLSTATE[42S22]: Column not found: 1054 Unknown column 'register' in 'where clause'
2024-12-21 21:33:55,GET,john_doe4,SQLSTATE[42S22]: Column not found: 1054 Unknown column 'register' in 'where clause'
2024-12-21 21:33:55,GET,john_doe4,SQLSTATE[42S22]: Column not found: 1054 Unknown column 'register' in 'where clause'
2024-12-21 21:34:40,GET,john_doe4,SQLSTATE[42S22]: Column not found: 1054 Unknown column 'asgsdaf' in 'where clause'
2024-12-21 21:34:41,GET,john_doe4,SQLSTATE[42S22]: Column not found: 1054 Unknown column 'asgsdaf' in 'where clause'
2024-12-21 21:38:42,GET,john_doe4,SQLSTATE[42S22]: Column not found: 1054 Unknown column 'asgsdaf' in 'where clause'
2024-12-21 21:38:43,GET,john_doe4,SQLSTATE[42S22]: Column not found: 1054 Unknown column 'asgsda' in 'where clause'
2024-12-21 21:38:44,GET,john_doe4,SQLSTATE[42S22]: Column not found: 1054 Unknown column 'asgsd' in 'where clause'
2024-12-21 21:43:24,GET,john_doe4,No data found
2024-12-21 21:43:25,GET,john_doe4,No data found
2024-12-21 21:43:28,GET,john_doe4,SQLSTATE[42S22]: Column not found: 1054 Unknown column 'sdfsdf' in 'where clause'
2024-12-21 21:43:29,GET,john_doe4,SQLSTATE[42S22]: Column not found: 1054 Unknown column 'sdfsdf' in 'where clause'
2024-12-21 21:43:29,GET,john_doe4,SQLSTATE[42S22]: Column not found: 1054 Unknown column 'sdfsdf' in 'where clause'
2024-12-21 21:43:29,GET,john_doe4,SQLSTATE[42S22]: Column not found: 1054 Unknown column 'sdfsdf' in 'where clause'
2024-12-21 21:43:30,GET,john_doe4,SQLSTATE[42S22]: Column not found: 1054 Unknown column 'sdfsdf' in 'where clause'
2024-12-21 21:47:20,GET,john_doe4,SQLSTATE[42S22]: Column not found: 1054 Unknown column 'sdfsdf' in 'where clause'
2024-12-21 21:47:21,GET,john_doe4,SQLSTATE[42S22]: Column not found: 1054 Unknown column 'sdfsdf' in 'where clause'
2024-12-21 21:47:21,GET,john_doe4,SQLSTATE[42S22]: Column not found: 1054 Unknown column 'sdfsdf' in 'where clause'
2024-12-21 21:53:18,GET,john_doe4,Successfully retrieved user records.
2024-12-21 21:53:38,GET,john_doe4,No data found
2024-12-21 21:53:43,GET,john_doe4,Successfully retrieved user records.
2024-12-21 21:55:24,GET,john_doe4,No data found
2024-12-21 22:19:14,GET,Richard,Successfully retrieved user records.
2024-12-21 22:19:15,GET,Richard,Successfully retrieved user records.
2024-12-21 22:19:16,GET,Richard,Successfully retrieved user records.
2024-12-21 22:19:20,GET,Richard,SQLSTATE[42S22]: Column not found: 1054 Unknown column 'sdfdsaf' in 'where clause'
2024-12-21 22:19:21,GET,Richard,SQLSTATE[42S22]: Column not found: 1054 Unknown column 'sdfdsaf' in 'where clause'
2024-12-21 22:40:39,GET,Richard,SQLSTATE[42S22]: Column not found: 1054 Unknown column 'sdfdsaf' in 'where clause'
2024-12-21 22:40:40,GET,Richard,SQLSTATE[42S22]: Column not found: 1054 Unknown column 'sdfdsaf' in 'where clause'
2024-12-21 22:40:40,GET,Richard,SQLSTATE[42S22]: Column not found: 1054 Unknown column 'sdfdsaf' in 'where clause'
2024-12-21 22:40:41,GET,Richard,SQLSTATE[42S22]: Column not found: 1054 Unknown column 'sdfdsaf' in 'where clause'
2024-12-21 22:40:41,GET,Richard,SQLSTATE[42S22]: Column not found: 1054 Unknown column 'sdfdsaf' in 'where clause'
2024-12-21 22:40:42,GET,Richard,SQLSTATE[42S22]: Column not found: 1054 Unknown column 'sdfdsaf' in 'where clause'
2024-12-21 22:40:55,GET,Richard,SQLSTATE[42S22]: Column not found: 1054 Unknown column 'sdfdsaf' in 'where clause'
2024-12-21 22:40:56,GET,Richard,SQLSTATE[42S22]: Column not found: 1054 Unknown column 'sdfdsaf' in 'where clause'
2024-12-21 22:40:56,GET,Richard,SQLSTATE[42S22]: Column not found: 1054 Unknown column 'sdfdsaf' in 'where clause'
2024-12-21 22:40:57,GET,Richard,SQLSTATE[42S22]: Column not found: 1054 Unknown column 'sdfdsaf' in 'where clause'
2024-12-21 22:40:57,GET,Richard,SQLSTATE[42S22]: Column not found: 1054 Unknown column 'sdfdsaf' in 'where clause'
2024-12-21 22:40:58,GET,Richard,SQLSTATE[42S22]: Column not found: 1054 Unknown column 'sdfdsaf' in 'where clause'
2024-12-21 22:40:59,GET,Richard,SQLSTATE[42S22]: Column not found: 1054 Unknown column 'sdfdsaf' in 'where clause'
2024-12-21 22:41:02,GET,Richard,SQLSTATE[42S22]: Column not found: 1054 Unknown column 'sdfdsaf' in 'where clause'
2024-12-21 22:41:02,GET,Richard,SQLSTATE[42S22]: Column not found: 1054 Unknown column 'sdfdsaf' in 'where clause'
2024-12-21 22:41:03,GET,Richard,SQLSTATE[42S22]: Column not found: 1054 Unknown column 'sdfdsaf' in 'where clause'
2024-12-21 22:41:04,GET,Richard,SQLSTATE[42S22]: Column not found: 1054 Unknown column 'sdfdsaf' in 'where clause'
2024-12-21 22:41:05,GET,Richard,SQLSTATE[42S22]: Column not found: 1054 Unknown column 'sdfdsaf' in 'where clause'
2024-12-21 22:41:19,GET,Richard,Successfully retrieved user records.
2024-12-21 22:41:20,GET,Richard,Successfully retrieved user records.
2024-12-21 22:41:20,GET,Richard,Successfully retrieved user records.
2024-12-21 22:41:32,GET,Richard,Successfully retrieved user records.
2024-12-21 22:41:32,GET,Richard,Successfully retrieved user records.
2024-12-21 22:41:33,GET,Richard,Successfully retrieved user records.
2024-12-21 22:41:38,GET,Richard,Successfully retrieved user records.
2024-12-21 22:41:44,GET,Richard,Successfully retrieved user records.
2024-12-21 22:41:44,GET,Richard,Successfully retrieved user records.
2024-12-21 22:41:45,GET,Richard,Successfully retrieved user records.
2024-12-21 22:42:17,GET,Richard,Successfully retrieved user records.
2024-12-21 22:42:18,GET,Richard,Successfully retrieved user records.
2024-12-21 22:42:18,GET,Richard,Successfully retrieved user records.
2024-12-21 22:42:41,GET,Richard,Successfully retrieved user records.
2024-12-21 22:42:42,GET,Richard,Successfully retrieved user records.
2024-12-21 22:42:42,GET,Richard,Successfully retrieved user records.
2024-12-21 22:42:43,GET,Richard,Successfully retrieved user records.
2024-12-21 22:42:44,GET,Richard,Successfully retrieved user records.
2024-12-21 22:42:46,GET,Richard,Successfully retrieved user records.
2024-12-21 22:42:48,GET,Richard,No data found
2024-12-21 22:42:49,GET,Richard,No data found
2024-12-21 22:42:50,GET,Richard,Successfully retrieved user records.
2024-12-21 22:43:19,GET,Richard,Successfully retrieved user records.
2024-12-21 22:43:19,GET,Richard,Successfully retrieved user records.
2024-12-21 22:43:20,GET,Richard,Successfully retrieved user records.
2024-12-21 22:43:23,GET,Richard,Successfully retrieved user records.
2024-12-21 22:43:24,GET,Richard,Successfully retrieved user records.
2024-12-21 22:43:24,GET,Richard,Successfully retrieved user records.
2024-12-21 22:43:28,GET,Richard,Successfully retrieved user records.
2024-12-21 22:43:30,GET,Richard,Successfully retrieved user records.
2024-12-21 22:43:31,GET,Richard,Successfully retrieved user records.
2024-12-21 22:43:35,GET,Richard,Successfully retrieved user records.
2024-12-21 22:44:21,GET,Richard,Successfully retrieved user records.
